
> disclosure-site@0.1.0 upload
> tsx scripts/upload-linode.ts

◇ injected env (6) from .env // tip: ◈ secrets for agents [www.dotenvx.com]
Endpoint:   https://us-east-1.linodeobjects.com
Bucket:     disclosure
Concurrency: 8
Found 763 files (16.68 GB).
[0.1%] [w1] SKIP            1 KB  www.war.gov/DesktopModules/DVIDSVideoPlayer/Components/analyticsParamsForDVIDSAnalyticsAPI.js
[0.3%] [w5] SKIP           39 KB  www.war.gov/DesktopModules/SharedLibrary/Plugins/Bootstrap/js/bootstrap.min.js
[0.4%] [w3] SKIP           27 KB  www.war.gov/DesktopModules/MVC/DVIDSLiveEvents2/Resources/js/dvids-dle-api.js
[0.5%] [w7] SKIP           66 KB  www.war.gov/DesktopModules/SharedLibrary/Plugins/GoogleAnalytics/Universal-Federated-Analytics-8.7.js
[0.7%] [w8] SKIP           38 KB  www.war.gov/DesktopModules/SharedLibrary/Plugins/Mobile-Detect/mobile-detect.min.js
[0.8%] [w6] SKIP            6 KB  www.war.gov/DesktopModules/SharedLibrary/Plugins/DVIDSAnalytics/DVIDSVideoAnalytics.min.js
[0.9%] [w2] SKIP            4 KB  www.war.gov/DesktopModules/MVC/DVIDSLiveEvents2/Resources/css/livebadge.css
[1.0%] [w4] SKIP          119 KB  www.war.gov/DesktopModules/SharedLibrary/Plugins/Bootstrap/css/bootstrap.min.css
[1.2%] [w1] SKIP           33 KB  www.war.gov/DesktopModules/SharedLibrary/Plugins/Skin/js/common.js
[1.3%] [w3] SKIP            1 KB  www.war.gov/DesktopModules/SharedLibrary/Plugins/SocialIcons/css/fa-social-icons.css
[1.4%] [w5] SKIP            2 KB  www.war.gov/DesktopModules/SharedLibrary/Plugins/Skin/SkipNav/css/skipnav.css
[1.6%] [w7] SKIP           22 KB  www.war.gov/DesktopModules/SharedLibrary/ValidatedPlugins/dompurify/purify.min.js
[1.7%] [w8] SKIP          100 KB  www.war.gov/DesktopModules/SharedLibrary/ValidatedPlugins/font-awesome6/css/all.min.css
[1.8%] [w6] SKIP           27 KB  www.war.gov/DesktopModules/SharedLibrary/ValidatedPlugins/font-awesome6/css/v4-shims.min.css
[2.0%] [w4] SKIP          107 KB  www.war.gov/DesktopModules/SharedLibrary/ValidatedPlugins/font-awesome6/webfonts/fa-brands-400.woff2
[2.1%] [w2] SKIP          185 KB  www.war.gov/DesktopModules/SharedLibrary/ValidatedPlugins/font-awesome6/webfonts/fa-brands-400.ttf
[2.2%] [w1] SKIP           62 KB  www.war.gov/DesktopModules/SharedLibrary/ValidatedPlugins/font-awesome6/webfonts/fa-regular-400.ttf
[2.4%] [w7] SKIP          147 KB  www.war.gov/DesktopModules/SharedLibrary/ValidatedPlugins/font-awesome6/webfonts/fa-solid-900.woff2
[2.5%] [w8] SKIP           10 KB  www.war.gov/DesktopModules/SharedLibrary/ValidatedPlugins/font-awesome6/webfonts/fa-v4compatibility.ttf
[2.6%] [w5] SKIP          385 KB  www.war.gov/DesktopModules/SharedLibrary/ValidatedPlugins/font-awesome6/webfonts/fa-solid-900.ttf
[2.8%] [w3] SKIP           24 KB  www.war.gov/DesktopModules/SharedLibrary/ValidatedPlugins/font-awesome6/webfonts/fa-regular-400.woff2
[2.9%] [w6] SKIP            4 KB  www.war.gov/DesktopModules/SharedLibrary/ValidatedPlugins/font-awesome6/webfonts/fa-v4compatibility.woff2
[3.0%] [w4] SKIP         1105 KB  www.war.gov/DesktopModules/SharedLibrary/ValidatedPlugins/hls.js/hls.js
[3.1%] [w2] SKIP          171 KB  www.war.gov/DesktopModules/SharedLibrary/ValidatedPlugins/moment/moment.js
[3.3%] [w7] SKIP           15 KB  www.war.gov/DesktopModules/SharedLibrary/ValidatedPlugins/vue-resource/vue-resource.min.js
[3.4%] [w1] SKIP           92 KB  www.war.gov/DesktopModules/SharedLibrary/ValidatedPlugins/vue/vue.min.js
[3.5%] [w3] SKIP          150 KB  www.war.gov/medialink/ufo/052226/release_02/documents/CIA-UAP-D001_Intelligence_Information_Report_USSR_1973.pdf
[3.7%] [w8] SKIP            7 KB  www.war.gov/js/dnn.modalpopup.js
[3.8%] [w5] SKIP            8 KB  www.war.gov/js/dnncore.js
[3.9%] [w6] SKIP          160 KB  www.war.gov/medialink/ufo/052226/release_02/documents/DOE-UAP-D001_PANTEX_Image.pdf
[4.1%] [w4] SKIP          541 KB  www.war.gov/medialink/ufo/052226/release_02/documents/DOE-UAP-D002_JamesTuck_Correspondence.pdf
[4.2%] [w2] SKIP          352 KB  www.war.gov/medialink/ufo/052226/release_02/documents/DOE-UAP-D003_Pajarito_Astronomers.pdf
[4.3%] [w7] SKIP        67153 KB  www.war.gov/medialink/ufo/052226/release_02/documents/DOW-UAP-D017_General_Correspondence_Of_Sandia.pdf
[4.5%] [w3] SKIP        68321 KB  www.war.gov/medialink/ufo/052226/release_02/release_02_document_bundle.zip
[4.6%] [w5] SKIP           43 KB  www.war.gov/medialink/ufo/052226/release_02/thumbnails/DOE-UAP-D001_PANTEX_Image.jpg
[4.7%] [w6] SKIP           95 KB  www.war.gov/medialink/ufo/052226/release_02/thumbnails/DOE-UAP-D002_JamesTuck_Correspondence.jpg
[4.8%] [w1] SKIP           33 KB  www.war.gov/medialink/ufo/052226/release_02/documents/ODNI-UAP-D001_USPER_Narrative_Senior_USIC.pdf
[5.0%] [w8] SKIP          117 KB  www.war.gov/medialink/ufo/052226/release_02/thumbnails/CIA-UAP-D001_Intelligence_Information_Report_USSR_1973.jpg
[5.1%] [w4] SKIP           51 KB  www.war.gov/medialink/ufo/052226/release_02/thumbnails/DOE-UAP-D003_Pajarito_Astronomers.jpg
[5.2%] [w2] SKIP          180 KB  www.war.gov/medialink/ufo/052226/release_02/thumbnails/DOW-UAP-D017_General_Correspondence_Of_Sandia.jpg
[5.4%] [w5] SKIP          811 KB  www.war.gov/medialink/ufo/release_1/059uap00011.pdf
[5.5%] [w7] SKIP          180 KB  www.war.gov/medialink/ufo/052226/release_02/thumbnails/ODNI-UAP-D001_USPER_Narrative_Senior_USIC.jpg
[5.6%] [w1] SKIP         1193 KB  www.war.gov/medialink/ufo/release_1/059uap00013.pdf
[5.8%] [w3] SKIP      1195289 KB  www.war.gov/medialink/ufo/bundle/Release_1.zip
[5.9%] [w8] SKIP        60024 KB  www.war.gov/medialink/ufo/release_1/18_100754_ general 1946-7_vol_2.pdf
[6.0%] [w6] SKIP          641 KB  www.war.gov/medialink/ufo/release_1/059uap00012.pdf
[6.2%] [w1] SKIP        15520 KB  www.war.gov/medialink/ufo/release_1/331_120752_numeric_files_1944–1945_37153_german_armament_equipment_documents.pdf
[6.3%] [w7] SKIP          321 KB  www.war.gov/medialink/ufo/release_1/255_t_763_r1b_transcripts.pdf
[6.4%] [w5] SKIP        32674 KB  www.war.gov/medialink/ufo/release_1/255_413270_ufo's_and_defense_what_should_we_prepare_for.pdf
[6.6%] [w8] SKIP        56000 KB  www.war.gov/medialink/ufo/release_1/341_110677_numerical_file_5-2500.pdf
[6.7%] [w3] SKIP         9656 KB  www.war.gov/medialink/ufo/release_1/341_110448_records_relating_to_the_collection_and_dissemination_of_intelligence_1948-1955-ts_cont_no.2_2-5300-2-5399.pdf
[6.8%] [w4] SKIP        64335 KB  www.war.gov/medialink/ufo/release_1/18_6369445_general_1948_vol_1.pdf
[6.9%] [w2] SKIP          107 KB  www.war.gov/medialink/ufo/release_1/2024-04-30-composite-sketch.pdf
[7.1%] [w6] SKIP       120364 KB  www.war.gov/medialink/ufo/release_1/342_hs1-416511228_box186_319.1-flying-discs-1949.pdf
[7.2%] [w7] SKIP       237044 KB  www.war.gov/medialink/ufo/release_1/38_143685_box7_incident_summaries_101-172.pdf
[7.3%] [w1] SKIP       241296 KB  www.war.gov/medialink/ufo/release_1/38_143685_box7_incident_summaries_1-100.pdf
[7.5%] [w5] SKIP        48226 KB  www.war.gov/medialink/ufo/release_1/38_143685_box7_incident_summaries_173-233.pdf
[7.6%] [w8] SKIP         1561 KB  www.war.gov/medialink/ufo/release_1/59_214434_sp_16_7.18.1963.pdf
[7.7%] [w3] SKIP         1561 KB  www.war.gov/medialink/ufo/release_1/59_214434_sp_16_[7.18.1963].pdf
[7.9%] [w6] SKIP        12686 KB  www.war.gov/medialink/ufo/release_1/65_hs1-101634279_100-de-26505.pdf
[8.0%] [w2] SKIP          661 KB  www.war.gov/medialink/ufo/release_1/65_hs1-101634279_100-de-18221_serial_844.pdf
[8.1%] [w4] SKIP          877 KB  www.war.gov/medialink/ufo/release_1/59_64634_711.5612[7-2852.pdf
[8.3%] [w8] SKIP        49714 KB  www.war.gov/medialink/ufo/release_1/65_hs1-834228961_62-hq-83894_section_3.pdf
[8.4%] [w5] SKIP       115606 KB  www.war.gov/medialink/ufo/release_1/65_hs1-834228961_62-hq-83894_section_2.pdf
[8.5%] [w3] SKIP        89915 KB  www.war.gov/medialink/ufo/release_1/65_hs1-834228961_62-hq-83894_section_4.pdf
[8.7%] [w7] SKIP       106408 KB  www.war.gov/medialink/ufo/release_1/65_hs1-834228961_62-hq-83894_section_1.pdf
[8.8%] [w1] SKIP       103679 KB  www.war.gov/medialink/ufo/release_1/65_hs1-834228961_62-hq-83894_section_10.pdf
[8.9%] [w6] SKIP        56682 KB  www.war.gov/medialink/ufo/release_1/65_hs1-834228961_62-hq-83894_section_5.pdf
[9.0%] [w2] SKIP       361886 KB  www.war.gov/medialink/ufo/release_1/65_hs1-834228961_62-hq-83894_section_6.pdf
[9.2%] [w4] SKIP        61218 KB  www.war.gov/medialink/ufo/release_1/65_hs1-834228961_62-hq-83894_section_7.pdf
[9.3%] [w5] SKIP        89309 KB  www.war.gov/medialink/ufo/release_1/65_hs1-834228961_62-hq-83894_section_9.pdf
[9.4%] [w8] SKIP       117569 KB  www.war.gov/medialink/ufo/release_1/65_hs1-834228961_62-hq-83894_section_8.pdf
[9.6%] [w6] SKIP         8224 KB  www.war.gov/medialink/ufo/release_1/65_hs1-834228961_62-hq-83894_serial_220.pdf
[9.7%] [w7] SKIP         5416 KB  www.war.gov/medialink/ufo/release_1/65_hs1-834228961_62-hq-83894_serial_153.pdf
[9.8%] [w1] SKIP        30213 KB  www.war.gov/medialink/ufo/release_1/65_hs1-834228961_62-hq-83894_serial_164.pdf
[10.0%] [w2] SKIP         5610 KB  www.war.gov/medialink/ufo/release_1/65_hs1-834228961_62-hq-83894_serial_403.pdf
[10.1%] [w3] SKIP       104190 KB  www.war.gov/medialink/ufo/release_1/65_hs1-834228961_62-hq-83894_serial_130.pdf
[10.2%] [w4] SKIP        14789 KB  www.war.gov/medialink/ufo/release_1/65_hs1-834228961_62-hq-83894_serial_438.pdf
[10.4%] [w5] SKIP        12207 KB  www.war.gov/medialink/ufo/release_1/65_hs1-834228961_62-hq-83894_serial_449.pdf
[10.5%] [w6] SKIP          294 KB  www.war.gov/medialink/ufo/release_1/dos-uap-d1-cable-1-papua-new-guinea-january-1985.pdf
[10.6%] [w1] SKIP          648 KB  www.war.gov/medialink/ufo/release_1/dow-uap-d10-mission-report-middle-east-may-2022.pdf
[10.7%] [w7] SKIP          362 KB  www.war.gov/medialink/ufo/release_1/dos-uap-d2-cable-2-kazakhstan-january-1994.pdf
[10.9%] [w8] SKIP        48169 KB  www.war.gov/medialink/ufo/release_1/65_hs1-834228961_62-hq-83894_sub_a.pdf
[11.0%] [w3] SKIP         7289 KB  www.war.gov/medialink/ufo/release_1/dow-uap-d14-mission-report-iraq-may-2022.pdf
[11.1%] [w2] SKIP          655 KB  www.war.gov/medialink/ufo/release_1/dow-uap-d12-mission-report-iraq-may-2022.pdf
[11.3%] [w5] SKIP         3588 KB  www.war.gov/medialink/ufo/release_1/dow-uap-d18-mission-report-iraq-december-2022.pdf
[11.4%] [w7] SKIP         3612 KB  www.war.gov/medialink/ufo/release_1/dow-uap-d20-mission-report-southern-united-states-2023.pdf
[11.5%] [w1] SKIP         3612 KB  www.war.gov/medialink/ufo/release_1/dow-uap-d20-mission-report-iraq-2023.pdf
[11.7%] [w6] SKIP         5747 KB  www.war.gov/medialink/ufo/release_1/dow-uap-d19-mission-report-syria-february-21-2023.pdf
[11.8%] [w8] SKIP         1293 KB  www.war.gov/medialink/ufo/release_1/dow-uap-d23-mission-report-united-arab-emirates-october-2023.pdf
[11.9%] [w4] SKIP         6835 KB  www.war.gov/medialink/ufo/release_1/dow-uap-d16-mission-report-syria-july-2022.pdf
[12.1%] [w3] SKIP          664 KB  www.war.gov/medialink/ufo/release_1/dow-uap-d25-mission-report-greece-january-2024.pdf
[12.2%] [w2] SKIP          673 KB  www.war.gov/medialink/ufo/release_1/dow-uap-d27-mission-report-united-arab-emirates-october-2023.pdf
[12.3%] [w5] SKIP          618 KB  www.war.gov/medialink/ufo/release_1/dow-uap-d28-mission-report-east-china-sea-2024.pdf
[12.5%] [w6] SKIP          876 KB  www.war.gov/medialink/ufo/release_1/dow-uap-d33-mission-report-greece-october-2023.pdf
[12.6%] [w1] SKIP          636 KB  www.war.gov/medialink/ufo/release_1/dow-uap-d32-mission-report,-syria-october-2024.pdf
[12.7%] [w3] SKIP           28 KB  www.war.gov/medialink/ufo/release_1/dow-uap-d4-mission-report-arabian-gulf-2020.pdf
[12.8%] [w4] SKIP          335 KB  www.war.gov/medialink/ufo/release_1/dow-uap-d38-range-fouler-debrief-middle-east-may-2020.pdf
[13.0%] [w8] SKIP         1382 KB  www.war.gov/medialink/ufo/release_1/dow-uap-d35-mission-report-greece-october-2023.pdf
[13.1%] [w7] SKIP           99 KB  www.war.gov/medialink/ufo/release_1/dow-uap-d3-mission-report-arabian-gulf-2020.pdf
[13.2%] [w2] SKIP          289 KB  www.war.gov/medialink/ufo/release_1/dow-uap-d42-range-fouler-debrief-japan-2023.pdf
[13.4%] [w5] SKIP          291 KB  www.war.gov/medialink/ufo/release_1/dow-uap-d44-range-fouler-arabian-sea-october-2020.pdf
[13.5%] [w1] SKIP         8878 KB  www.war.gov/medialink/ufo/release_1/dow-uap-d49-launch-summary-february-2000.pdf
[13.6%] [w3] SKIP           30 KB  www.war.gov/medialink/ufo/release_1/dow-uap-d5-mission-report-arabian-gulf-2020.pdf
[13.8%] [w7] SKIP           65 KB  www.war.gov/medialink/ufo/release_1/dow-uap-d52-email-correspondance-na-august-2024.pdf
[13.9%] [w8] SKIP           75 KB  www.war.gov/medialink/ufo/release_1/dow-uap-d51-email-correspondence-pacific-time-zone-march-2023.pdf
[14.0%] [w4] SKIP          305 KB  www.war.gov/medialink/ufo/release_1/dow-uap-d50-email-correspondence-indopacom-april-2025.pdf
[14.2%] [w6] SKIP        21968 KB  www.war.gov/medialink/ufo/release_1/dow-uap-d48-report-september-1996.pdf
[14.3%] [w2] SKIP           20 KB  www.war.gov/medialink/ufo/release_1/dow-uap-d54-mission-report-mediterranean-sea-na.pdf
[14.4%] [w5] SKIP          202 KB  www.war.gov/medialink/ufo/release_1/dow-uap-d55-mission-report-syria-november-2016.pdf
[14.5%] [w1] SKIP         1807 KB  www.war.gov/medialink/ufo/release_1/dow-uap-d56-range-fouler-debrief-arabian-sea-august-2020.pdf
[14.7%] [w3] SKIP          289 KB  www.war.gov/medialink/ufo/release_1/dow-uap-d57-mission-report-gulf-of-aden-september-2020.pdf
[14.8%] [w8] SKIP           26 KB  www.war.gov/medialink/ufo/release_1/dow-uap-d6-mission-report-arabian-gulf-2020.pdf
[14.9%] [w6] SKIP          857 KB  www.war.gov/medialink/ufo/release_1/dow-uap-d61-mission-report-persian-gulf-august-2020.pdf
[15.1%] [w4] SKIP         2356 KB  www.war.gov/medialink/ufo/release_1/dow-uap-d60-mission-report-persian-gulf-august-2020.pdf
[15.2%] [w7] SKIP          294 KB  www.war.gov/medialink/ufo/release_1/dow-uap-d58-range-fouler-debrief-na-october-2020.pdf
[15.3%] [w5] SKIP         3234 KB  www.war.gov/medialink/ufo/release_1/dow-uap-d63-mission-report-strait-of-hormuz-october-2020.pdf
[15.5%] [w2] SKIP         1021 KB  www.war.gov/medialink/ufo/release_1/dow-uap-d62-mission-report-strait-of-hormuz-september-2020.pdf
[15.6%] [w3] SKIP         2972 KB  www.war.gov/medialink/ufo/release_1/dow-uap-d65-mission-report-persian-gulf-july-2020.pdf
[15.7%] [w1] SKIP          840 KB  www.war.gov/medialink/ufo/release_1/dow-uap-d64-mission-report-iran-november-2020.pdf
[15.9%] [w8] SKIP           27 KB  www.war.gov/medialink/ufo/release_1/dow-uap-d7-mission-report-arabian-gulf-2020.pdf
[16.0%] [w6] SKIP          702 KB  www.war.gov/medialink/ufo/release_1/dow-uap-d74-mission-report-syria-november-2023.pdf
[16.1%] [w4] SKIP          774 KB  www.war.gov/medialink/ufo/release_1/dow-uap-d75-mission-report-gulf-of-aden-july-2024.pdf
[16.3%] [w7] SKIP           28 KB  www.war.gov/medialink/ufo/release_1/dow-uap-d8-mission-report-djibouti-2025.pdf
[16.4%] [w5] SKIP         2239 KB  www.war.gov/medialink/ufo/release_1/dow-uap-pr20.pdf
[16.5%] [w1] SKIP           93 KB  www.war.gov/medialink/ufo/release_1/fbi-photo-a3.png
[16.6%] [w3] SKIP           96 KB  www.war.gov/medialink/ufo/release_1/fbi-photo-a2.png
[16.8%] [w6] SKIP           87 KB  www.war.gov/medialink/ufo/release_1/fbi-photo-a5.png
[16.9%] [w8] SKIP           95 KB  www.war.gov/medialink/ufo/release_1/fbi-photo-a4.png
[17.0%] [w2] SKIP           92 KB  www.war.gov/medialink/ufo/release_1/fbi-photo-a1.png
[17.2%] [w7] SKIP           87 KB  www.war.gov/medialink/ufo/release_1/fbi-photo-a7.png
[17.3%] [w4] SKIP           78 KB  www.war.gov/medialink/ufo/release_1/fbi-photo-a6.png
[17.4%] [w1] SKIP          599 KB  www.war.gov/medialink/ufo/release_1/fbi-photo-b1.pdf
[17.6%] [w6] SKIP          569 KB  www.war.gov/medialink/ufo/release_1/fbi-photo-b11.pdf
[17.7%] [w3] SKIP          588 KB  www.war.gov/medialink/ufo/release_1/fbi-photo-b10.pdf
[17.8%] [w5] SKIP           85 KB  www.war.gov/medialink/ufo/release_1/fbi-photo-a8.png
[18.0%] [w8] SKIP          561 KB  www.war.gov/medialink/ufo/release_1/fbi-photo-b12.pdf
[18.1%] [w7] SKIP          438 KB  www.war.gov/medialink/ufo/release_1/fbi-photo-b14.pdf
[18.2%] [w2] SKIP          424 KB  www.war.gov/medialink/ufo/release_1/fbi-photo-b13.pdf
[18.3%] [w1] SKIP          424 KB  www.war.gov/medialink/ufo/release_1/fbi-photo-b16.pdf
[18.5%] [w8] SKIP          570 KB  www.war.gov/medialink/ufo/release_1/fbi-photo-b2.pdf
[18.6%] [w6] SKIP          425 KB  www.war.gov/medialink/ufo/release_1/fbi-photo-b17.pdf
[18.7%] [w3] SKIP          420 KB  www.war.gov/medialink/ufo/release_1/fbi-photo-b18.pdf
[18.9%] [w5] SKIP          586 KB  www.war.gov/medialink/ufo/release_1/fbi-photo-b19.pdf
[19.0%] [w4] SKIP          417 KB  www.war.gov/medialink/ufo/release_1/fbi-photo-b15.pdf
[19.1%] [w2] SKIP          579 KB  www.war.gov/medialink/ufo/release_1/fbi-photo-b21.pdf
[19.3%] [w7] SKIP          564 KB  www.war.gov/medialink/ufo/release_1/fbi-photo-b20.pdf
[19.4%] [w1] SKIP          424 KB  www.war.gov/medialink/ufo/release_1/fbi-photo-b22.pdf
[19.5%] [w8] SKIP          414 KB  www.war.gov/medialink/ufo/release_1/fbi-photo-b23.pdf
[19.7%] [w3] SKIP          164 KB  www.war.gov/medialink/ufo/release_1/fbi-photo-b3.pdf
[19.8%] [w6] SKIP          430 KB  www.war.gov/medialink/ufo/release_1/fbi-photo-b24.pdf
[19.9%] [w5] SKIP          580 KB  www.war.gov/medialink/ufo/release_1/fbi-photo-b4.pdf
[20.1%] [w4] SKIP          567 KB  www.war.gov/medialink/ufo/release_1/fbi-photo-b5.pdf
[20.2%] [w7] SKIP          593 KB  www.war.gov/medialink/ufo/release_1/fbi-photo-b7.pdf
[20.3%] [w2] SKIP          594 KB  www.war.gov/medialink/ufo/release_1/fbi-photo-b6.pdf
[20.4%] [w1] SKIP          572 KB  www.war.gov/medialink/ufo/release_1/fbi-photo-b8.pdf
[20.6%] [w8] SKIP          574 KB  www.war.gov/medialink/ufo/release_1/fbi-photo-b9.pdf
[20.7%] [w6] SKIP          453 KB  www.war.gov/medialink/ufo/release_1/nasa-uap-d2-apollo-17-transcript-1972.pdf
[20.8%] [w3] SKIP         1006 KB  www.war.gov/medialink/ufo/release_1/nasa-uap-d1-apollo-12-transcript-1969.pdf
[21.0%] [w5] SKIP        28600 KB  www.war.gov/medialink/ufo/release_1/nasa-uap-d4-apollo-11-technical-crew-debriefing-1969.pdf
[21.1%] [w4] SKIP          208 KB  www.war.gov/medialink/ufo/release_1/nasa-uap-d5-apollo-17-crew-debriefing-for-science-1973.pdf
[21.2%] [w7] SKIP          501 KB  www.war.gov/medialink/ufo/release_1/nasa-uap-d6-apollo-17-technical-crew-debriefing-1973.pdf
[21.4%] [w1] SKIP         2467 KB  www.war.gov/medialink/ufo/release_1/nasa-uap-vm1-apollo-12-1969.jpg
[21.5%] [w6] SKIP         2475 KB  www.war.gov/medialink/ufo/release_1/nasa-uap-vm3-apollo-12-1969.jpg
[21.6%] [w8] SKIP         2569 KB  www.war.gov/medialink/ufo/release_1/nasa-uap-vm2-apollo-12-1969.jpg
[21.8%] [w3] SKIP         2387 KB  www.war.gov/medialink/ufo/release_1/nasa-uap-vm4-apollo-12-1969.jpg
[21.9%] [w5] SKIP         2530 KB  www.war.gov/medialink/ufo/release_1/nasa-uap-vm5-apollo-12-1969.jpg
[22.0%] [w2] SKIP          644 KB  www.war.gov/medialink/ufo/release_1/nasa-uap-d7-skylab-technical-crew-debriefing-1973.pdf
[22.1%] [w4] SKIP         1737 KB  www.war.gov/medialink/ufo/release_1/nasa-uap-vm6-apollo-17-1972.jpg
[22.3%] [w7] SKIP          222 KB  www.war.gov/medialink/ufo/release_1/serial 5 redacted_redacted.pdf
[22.4%] [w5] SKIP          148 KB  www.war.gov/medialink/ufo/release_1/thumbnail/059uap00013.jpg
[22.5%] [w1] SKIP          269 KB  www.war.gov/medialink/ufo/release_1/serial-3_redacted.pdf
[22.7%] [w3] SKIP          121 KB  www.war.gov/medialink/ufo/release_1/thumbnail/059uap00012.jpg
[22.8%] [w6] SKIP          232 KB  www.war.gov/medialink/ufo/release_1/serial-4-redacted_redacted.pdf
[22.9%] [w8] SKIP          142 KB  www.war.gov/medialink/ufo/release_1/thumbnail/059uap00011.jpg
[23.1%] [w2] SKIP          260 KB  www.war.gov/medialink/ufo/release_1/thumbnail/18_100754_ general 1946-7_vol_2.jpg
[23.2%] [w7] SKIP           94 KB  www.war.gov/medialink/ufo/release_1/thumbnail/2024-04-30-composite-sketch.jpg
[23.3%] [w4] SKIP          252 KB  www.war.gov/medialink/ufo/release_1/thumbnail/18_6369445_general_1948_vol_1.jpg
[23.5%] [w1] SKIP          279 KB  www.war.gov/medialink/ufo/release_1/thumbnail/255_t_763_r1b_transcripts.jpg
[23.6%] [w6] SKIP          107 KB  www.war.gov/medialink/ufo/release_1/thumbnail/341_110448_records_relating_to_the_collection_and_dissemination_of_intelligence_1948-1955-ts_cont_no.2_2-5300-2-5399.jpg
[23.7%] [w5] SKIP          298 KB  www.war.gov/medialink/ufo/release_1/thumbnail/255_413270_ufo's_and_defense_what_should_we_prepare_for.jpg
[23.9%] [w3] SKIP          287 KB  www.war.gov/medialink/ufo/release_1/thumbnail/331_120752_numeric_files_1944–1945_37153_german_armament_equipment_documents.jpg
[24.0%] [w8] SKIP          551 KB  www.war.gov/medialink/ufo/release_1/thumbnail/341_110677_numerical_file_5-2500.jpg
[24.1%] [w2] SKIP          331 KB  www.war.gov/medialink/ufo/release_1/thumbnail/342_hs1-416511228_box186_319.1-flying-discs-1949.jpg
[24.2%] [w4] SKIP          395 KB  www.war.gov/medialink/ufo/release_1/thumbnail/38_143685_box7_incident_summaries_101-172.jpg
[24.4%] [w7] SKIP          226 KB  www.war.gov/medialink/ufo/release_1/thumbnail/38_143685_box7_incident_summaries_1-100.jpg
[24.5%] [w8] SKIP          293 KB  www.war.gov/medialink/ufo/release_1/thumbnail/65_hs1-101634279_100-de-18221_serial_844.jpg
[24.6%] [w3] SKIP          170 KB  www.war.gov/medialink/ufo/release_1/thumbnail/59_64634_711.5612[7-2852.jpg
[24.8%] [w5] SKIP          286 KB  www.war.gov/medialink/ufo/release_1/thumbnail/59_214434_sp_16_[7.18.1963].jpg
[24.9%] [w6] SKIP          289 KB  www.war.gov/medialink/ufo/release_1/thumbnail/59_214434_sp_16_7.18.1963.jpg
[25.0%] [w1] SKIP          246 KB  www.war.gov/medialink/ufo/release_1/thumbnail/38_143685_box7_incident_summaries_173-233.jpg
[25.2%] [w2] SKIP          266 KB  www.war.gov/medialink/ufo/release_1/thumbnail/65_hs1-101634279_100-de-26505.jpg
[25.3%] [w7] SKIP          256 KB  www.war.gov/medialink/ufo/release_1/thumbnail/65_hs1-834228961_62-hq-83894_section_10.jpg
[25.4%] [w4] SKIP          244 KB  www.war.gov/medialink/ufo/release_1/thumbnail/65_hs1-834228961_62-hq-83894_section_1.jpg
[25.6%] [w3] SKIP          229 KB  www.war.gov/medialink/ufo/release_1/thumbnail/65_hs1-834228961_62-hq-83894_section_3.jpg
[25.7%] [w8] SKIP          254 KB  www.war.gov/medialink/ufo/release_1/thumbnail/65_hs1-834228961_62-hq-83894_section_2.jpg
[25.8%] [w5] SKIP          217 KB  www.war.gov/medialink/ufo/release_1/thumbnail/65_hs1-834228961_62-hq-83894_section_4.jpg
[26.0%] [w6] SKIP          241 KB  www.war.gov/medialink/ufo/release_1/thumbnail/65_hs1-834228961_62-hq-83894_section_5.jpg
[26.1%] [w1] SKIP          197 KB  www.war.gov/medialink/ufo/release_1/thumbnail/65_hs1-834228961_62-hq-83894_section_6.jpg
[26.2%] [w2] SKIP          268 KB  www.war.gov/medialink/ufo/release_1/thumbnail/65_hs1-834228961_62-hq-83894_section_7.jpg
[26.3%] [w7] SKIP          260 KB  www.war.gov/medialink/ufo/release_1/thumbnail/65_hs1-834228961_62-hq-83894_section_8.jpg
[26.5%] [w3] SKIP          337 KB  www.war.gov/medialink/ufo/release_1/thumbnail/65_hs1-834228961_62-hq-83894_serial_130.jpg
[26.6%] [w8] SKIP          202 KB  www.war.gov/medialink/ufo/release_1/thumbnail/65_hs1-834228961_62-hq-83894_serial_153.jpg
[26.7%] [w5] SKIP          158 KB  www.war.gov/medialink/ufo/release_1/thumbnail/65_hs1-834228961_62-hq-83894_serial_164.jpg
[26.9%] [w6] SKIP          175 KB  www.war.gov/medialink/ufo/release_1/thumbnail/65_hs1-834228961_62-hq-83894_serial_220.jpg
[27.0%] [w1] SKIP          265 KB  www.war.gov/medialink/ufo/release_1/thumbnail/65_hs1-834228961_62-hq-83894_serial_403.jpg
[27.1%] [w4] SKIP          258 KB  www.war.gov/medialink/ufo/release_1/thumbnail/65_hs1-834228961_62-hq-83894_section_9.jpg
[27.3%] [w2] SKIP          333 KB  www.war.gov/medialink/ufo/release_1/thumbnail/65_hs1-834228961_62-hq-83894_serial_438.jpg
[27.4%] [w7] SKIP          282 KB  www.war.gov/medialink/ufo/release_1/thumbnail/65_hs1-834228961_62-hq-83894_serial_449.jpg
[27.5%] [w5] SKIP          120 KB  www.war.gov/medialink/ufo/release_1/thumbnail/dos-uap-d2-cable-2-kazakhstan-january-1994.jpg
[27.7%] [w8] SKIP          134 KB  www.war.gov/medialink/ufo/release_1/thumbnail/dos-uap-d1-cable-1-papua-new-guinea-january-1985.jpg
[27.8%] [w6] SKIP          131 KB  www.war.gov/medialink/ufo/release_1/thumbnail/dow-uap-d10-mission-report-middle-east-may-2022.jpg
[27.9%] [w3] SKIP          206 KB  www.war.gov/medialink/ufo/release_1/thumbnail/65_hs1-834228961_62-hq-83894_sub_a.jpg
[28.0%] [w1] SKIP          126 KB  www.war.gov/medialink/ufo/release_1/thumbnail/dow-uap-d12-mission-report-iraq-may-2022.jpg
[28.2%] [w7] SKIP          137 KB  www.war.gov/medialink/ufo/release_1/thumbnail/dow-uap-d18-mission-report-iraq-december-2022.jpg
[28.3%] [w4] SKIP          132 KB  www.war.gov/medialink/ufo/release_1/thumbnail/dow-uap-d14-mission-report-iraq-may-2022.jpg
[28.4%] [w5] SKIP          201 KB  www.war.gov/medialink/ufo/release_1/thumbnail/dow-uap-d19-mission-report-syria-february-21-2023.jpg
[28.6%] [w2] SKIP          174 KB  www.war.gov/medialink/ufo/release_1/thumbnail/dow-uap-d16-mission-report-syria-july-2022.jpg
[28.7%] [w8] SKIP          201 KB  www.war.gov/medialink/ufo/release_1/thumbnail/dow-uap-d20-mission-report-iraq-2023.jpg
[28.8%] [w6] SKIP          201 KB  www.war.gov/medialink/ufo/release_1/thumbnail/dow-uap-d20-mission-report-southern-united-states-2023.jpg
[29.0%] [w1] SKIP          141 KB  www.war.gov/medialink/ufo/release_1/thumbnail/dow-uap-d25-mission-report-greece-january-2024.jpg
[29.1%] [w3] SKIP          166 KB  www.war.gov/medialink/ufo/release_1/thumbnail/dow-uap-d23-mission-report-united-arab-emirates-october-2023.jpg
[29.2%] [w7] SKIP          127 KB  www.war.gov/medialink/ufo/release_1/thumbnail/dow-uap-d27-mission-report-united-arab-emirates-october-2023.jpg
[29.4%] [w5] SKIP          106 KB  www.war.gov/medialink/ufo/release_1/thumbnail/dow-uap-d3-mission-report-arabian-gulf-2020.jpg
[29.5%] [w6] SKIP          148 KB  www.war.gov/medialink/ufo/release_1/thumbnail/dow-uap-d35-mission-report-greece-october-2023.jpg
[29.6%] [w4] SKIP          137 KB  www.war.gov/medialink/ufo/release_1/thumbnail/dow-uap-d28-mission-report-east-china-sea-2024.jpg
[29.8%] [w2] SKIP          149 KB  www.war.gov/medialink/ufo/release_1/thumbnail/dow-uap-d32-mission-report,-syria-october-2024.jpg
[29.9%] [w8] SKIP          139 KB  www.war.gov/medialink/ufo/release_1/thumbnail/dow-uap-d33-mission-report-greece-october-2023.jpg
[30.0%] [w3] SKIP           37 KB  www.war.gov/medialink/ufo/release_1/thumbnail/dow-uap-d4-mission-report-arabian-gulf-2020.jpg
[30.1%] [w1] SKIP          306 KB  www.war.gov/medialink/ufo/release_1/thumbnail/dow-uap-d38-range-fouler-debrief-middle-east-may-2020.jpg
[30.3%] [w7] SKIP          304 KB  www.war.gov/medialink/ufo/release_1/thumbnail/dow-uap-d42-range-fouler-debrief-japan-2023.jpg
[30.4%] [w5] SKIP          323 KB  www.war.gov/medialink/ufo/release_1/thumbnail/dow-uap-d44-range-fouler-arabian-sea-october-2020.jpg
[30.5%] [w6] SKIP          149 KB  www.war.gov/medialink/ufo/release_1/thumbnail/dow-uap-d48-report-september-1996.jpg
[30.7%] [w4] SKIP          167 KB  www.war.gov/medialink/ufo/release_1/thumbnail/dow-uap-d49-launch-summary-february-2000.jpg
[30.8%] [w2] SKIP           39 KB  www.war.gov/medialink/ufo/release_1/thumbnail/dow-uap-d5-mission-report-arabian-gulf-2020.jpg
[30.9%] [w3] SKIP          124 KB  www.war.gov/medialink/ufo/release_1/thumbnail/dow-uap-d51-email-correspondence-pacific-time-zone-march-2023.jpg
[31.1%] [w8] SKIP          126 KB  www.war.gov/medialink/ufo/release_1/thumbnail/dow-uap-d50-email-correspondence-indopacom-april-2025.jpg
[31.2%] [w1] SKIP           97 KB  www.war.gov/medialink/ufo/release_1/thumbnail/dow-uap-d52-email-correspondance-na-august-2024.jpg
[31.3%] [w7] SKIP           48 KB  www.war.gov/medialink/ufo/release_1/thumbnail/dow-uap-d54-mission-report-mediterranean-sea-na.jpg
[31.5%] [w5] SKIP          361 KB  www.war.gov/medialink/ufo/release_1/thumbnail/dow-uap-d55-mission-report-syria-november-2016.jpg
[31.6%] [w6] SKIP          320 KB  www.war.gov/medialink/ufo/release_1/thumbnail/dow-uap-d56-range-fouler-debrief-arabian-sea-august-2020.jpg
[31.7%] [w4] SKIP          288 KB  www.war.gov/medialink/ufo/release_1/thumbnail/dow-uap-d57-mission-report-gulf-of-aden-september-2020.jpg
[31.8%] [w8] SKIP          158 KB  www.war.gov/medialink/ufo/release_1/thumbnail/dow-uap-d60-mission-report-persian-gulf-august-2020.jpg
[32.0%] [w1] SKIP          164 KB  www.war.gov/medialink/ufo/release_1/thumbnail/dow-uap-d61-mission-report-persian-gulf-august-2020.jpg
[32.1%] [w2] SKIP          307 KB  www.war.gov/medialink/ufo/release_1/thumbnail/dow-uap-d58-range-fouler-debrief-na-october-2020.jpg
[32.2%] [w7] SKIP          170 KB  www.war.gov/medialink/ufo/release_1/thumbnail/dow-uap-d62-mission-report-strait-of-hormuz-september-2020.jpg
[32.4%] [w3] SKIP           44 KB  www.war.gov/medialink/ufo/release_1/thumbnail/dow-uap-d6-mission-report-arabian-gulf-2020.jpg
[32.5%] [w5] SKIP          180 KB  www.war.gov/medialink/ufo/release_1/thumbnail/dow-uap-d63-mission-report-strait-of-hormuz-october-2020.jpg
[32.6%] [w6] SKIP          157 KB  www.war.gov/medialink/ufo/release_1/thumbnail/dow-uap-d64-mission-report-iran-november-2020.jpg
[32.8%] [w8] SKIP           42 KB  www.war.gov/medialink/ufo/release_1/thumbnail/dow-uap-d7-mission-report-arabian-gulf-2020.jpg
[32.9%] [w1] SKIP          201 KB  www.war.gov/medialink/ufo/release_1/thumbnail/dow-uap-d74-mission-report-syria-november-2023.jpg
[33.0%] [w4] SKIP          166 KB  www.war.gov/medialink/ufo/release_1/thumbnail/dow-uap-d65-mission-report-persian-gulf-july-2020.jpg
[33.2%] [w7] SKIP           47 KB  www.war.gov/medialink/ufo/release_1/thumbnail/dow-uap-d8-mission-report-djibouti-2025.jpg
[33.3%] [w3] SKIP          198 KB  www.war.gov/medialink/ufo/release_1/thumbnail/dow-uap-pr20.jpg
[33.4%] [w5] SKIP          119 KB  www.war.gov/medialink/ufo/release_1/thumbnail/fbi-photo-a1.jpg
[33.6%] [w6] SKIP          155 KB  www.war.gov/medialink/ufo/release_1/thumbnail/fbi-photo-a2.jpg
[33.7%] [w2] SKIP          161 KB  www.war.gov/medialink/ufo/release_1/thumbnail/dow-uap-d75-mission-report-gulf-of-aden-july-2024.jpg
[33.8%] [w8] SKIP          162 KB  www.war.gov/medialink/ufo/release_1/thumbnail/fbi-photo-a3.jpg
[33.9%] [w1] SKIP          162 KB  www.war.gov/medialink/ufo/release_1/thumbnail/fbi-photo-a4.jpg
[34.1%] [w3] SKIP          129 KB  www.war.gov/medialink/ufo/release_1/thumbnail/fbi-photo-a7.jpg
[34.2%] [w7] SKIP          127 KB  www.war.gov/medialink/ufo/release_1/thumbnail/fbi-photo-a6.jpg
[34.3%] [w5] SKIP          132 KB  www.war.gov/medialink/ufo/release_1/thumbnail/fbi-photo-a8.jpg
[34.5%] [w6] SKIP          381 KB  www.war.gov/medialink/ufo/release_1/thumbnail/fbi-photo-b1.jpg
[34.6%] [w4] SKIP          137 KB  www.war.gov/medialink/ufo/release_1/thumbnail/fbi-photo-a5.jpg
[34.7%] [w2] SKIP          373 KB  www.war.gov/medialink/ufo/release_1/thumbnail/fbi-photo-b10.jpg
[34.9%] [w8] SKIP          361 KB  www.war.gov/medialink/ufo/release_1/thumbnail/fbi-photo-b11.jpg
[35.0%] [w1] SKIP          358 KB  www.war.gov/medialink/ufo/release_1/thumbnail/fbi-photo-b12.jpg
[35.1%] [w5] SKIP          172 KB  www.war.gov/medialink/ufo/release_1/thumbnail/fbi-photo-b15.jpg
[35.3%] [w7] SKIP          184 KB  www.war.gov/medialink/ufo/release_1/thumbnail/fbi-photo-b14.jpg
[35.4%] [w3] SKIP          171 KB  www.war.gov/medialink/ufo/release_1/thumbnail/fbi-photo-b13.jpg
[35.5%] [w4] SKIP          173 KB  www.war.gov/medialink/ufo/release_1/thumbnail/fbi-photo-b17.jpg
[35.6%] [w6] SKIP          171 KB  www.war.gov/medialink/ufo/release_1/thumbnail/fbi-photo-b16.jpg
[35.8%] [w8] SKIP          371 KB  www.war.gov/medialink/ufo/release_1/thumbnail/fbi-photo-b19.jpg
[35.9%] [w2] SKIP          167 KB  www.war.gov/medialink/ufo/release_1/thumbnail/fbi-photo-b18.jpg
[36.0%] [w1] SKIP          360 KB  www.war.gov/medialink/ufo/release_1/thumbnail/fbi-photo-b2.jpg
[36.2%] [w3] SKIP          172 KB  www.war.gov/medialink/ufo/release_1/thumbnail/fbi-photo-b22.jpg
[36.3%] [w7] SKIP          365 KB  www.war.gov/medialink/ufo/release_1/thumbnail/fbi-photo-b21.jpg
[36.4%] [w5] SKIP          357 KB  www.war.gov/medialink/ufo/release_1/thumbnail/fbi-photo-b20.jpg
[36.6%] [w8] SKIP          381 KB  www.war.gov/medialink/ufo/release_1/thumbnail/fbi-photo-b3.jpg
[36.7%] [w6] SKIP          175 KB  www.war.gov/medialink/ufo/release_1/thumbnail/fbi-photo-b24.jpg
[36.8%] [w4] SKIP          167 KB  www.war.gov/medialink/ufo/release_1/thumbnail/fbi-photo-b23.jpg
[37.0%] [w1] SKIP          360 KB  www.war.gov/medialink/ufo/release_1/thumbnail/fbi-photo-b5.jpg
[37.1%] [w2] SKIP          371 KB  www.war.gov/medialink/ufo/release_1/thumbnail/fbi-photo-b4.jpg
[37.2%] [w7] SKIP          374 KB  www.war.gov/medialink/ufo/release_1/thumbnail/fbi-photo-b7.jpg
[37.4%] [w3] SKIP          376 KB  www.war.gov/medialink/ufo/release_1/thumbnail/fbi-photo-b6.jpg
[37.5%] [w8] SKIP          367 KB  www.war.gov/medialink/ufo/release_1/thumbnail/fbi-photo-b9.jpg
[37.6%] [w6] SKIP          152 KB  www.war.gov/medialink/ufo/release_1/thumbnail/nasa-uap-d1-apollo-12-transcript-1969.jpg
[37.7%] [w5] SKIP          363 KB  www.war.gov/medialink/ufo/release_1/thumbnail/fbi-photo-b8.jpg
[37.9%] [w1] SKIP          272 KB  www.war.gov/medialink/ufo/release_1/thumbnail/nasa-uap-d4-apollo-11-technical-crew-debriefing-1969.jpg
[38.0%] [w4] SKIP          129 KB  www.war.gov/medialink/ufo/release_1/thumbnail/nasa-uap-d2-apollo-17-transcript-1972.jpg
[38.1%] [w2] SKIP          178 KB  www.war.gov/medialink/ufo/release_1/thumbnail/nasa-uap-d5-apollo-17-crew-debriefing-for-science-1973.jpg
[38.3%] [w3] SKIP          111 KB  www.war.gov/medialink/ufo/release_1/thumbnail/nasa-uap-d7-skylab-technical-crew-debriefing-1973.jpg
[38.4%] [w7] SKIP          186 KB  www.war.gov/medialink/ufo/release_1/thumbnail/nasa-uap-d6-apollo-17-technical-crew-debriefing-1973.jpg
[38.5%] [w6] SKIP          266 KB  www.war.gov/medialink/ufo/release_1/thumbnail/nasa-uap-vm2-apollo-12-1969.jpg
[38.7%] [w8] SKIP          243 KB  www.war.gov/medialink/ufo/release_1/thumbnail/nasa-uap-vm1-apollo-12-1969.jpg
[38.8%] [w1] SKIP          236 KB  www.war.gov/medialink/ufo/release_1/thumbnail/nasa-uap-vm4-apollo-12-1969.jpg
[38.9%] [w5] SKIP          239 KB  www.war.gov/medialink/ufo/release_1/thumbnail/nasa-uap-vm3-apollo-12-1969.jpg
[39.1%] [w3] SKIP          411 KB  www.war.gov/medialink/ufo/release_1/thumbnail/serial 5 redacted_redacted.jpg
[39.2%] [w7] SKIP          390 KB  www.war.gov/medialink/ufo/release_1/thumbnail/serial-3_redacted.jpg
[39.3%] [w2] SKIP          184 KB  www.war.gov/medialink/ufo/release_1/thumbnail/nasa-uap-vm6-apollo-17-1972.jpg
[39.4%] [w4] SKIP          276 KB  www.war.gov/medialink/ufo/release_1/thumbnail/nasa-uap-vm5-apollo-12-1969.jpg
[39.6%] [w8] SKIP          337 KB  www.war.gov/medialink/ufo/release_1/thumbnail/usper-statement-redacted.jpg
[39.7%] [w6] SKIP          434 KB  www.war.gov/medialink/ufo/release_1/thumbnail/serial-4-redacted_redacted.jpg
[39.8%] [w1] SKIP          173 KB  www.war.gov/medialink/ufo/release_1/thumbnail/western_us_event_slides_5.08.2026.jpg
[40.0%] [w3] SKIP           62 KB  www.war.gov/medialink/ufo/release_1/western_us_event_slides_5.08.2026.pdf
[40.1%] [w7] SKIP            4 KB  www.war.gov/Portals/1/Images/DOD-Icon-Header.png
[40.2%] [w5] SKIP          768 KB  www.war.gov/medialink/ufo/release_1/usper-statement-redacted.pdf
[40.4%] [w2] SKIP            4 KB  www.war.gov/Portals/1/Images/DOW-Icon-Header.png
[40.5%] [w6] SKIP         1485 KB  www.war.gov/Portals/1/Interactive/2026/UFO/Slideshow/2024-04-30-Composite-Sketch.jpg
[40.6%] [w8] SKIP           52 KB  www.war.gov/Portals/1/Interactive/2026/UFO/aaro3.css
[40.8%] [w1] SKIP         1231 KB  www.war.gov/Portals/1/Interactive/2026/UFO/Slideshow/DOW-UAP-PR19-Unresolved-UAP-Report-Middle-East-May-2022.jpg
[40.9%] [w4] SKIP           68 KB  www.war.gov/Portals/1/Interactive/2026/UFO/aaro07.css
[41.0%] [w3] SKIP         1012 KB  www.war.gov/Portals/1/Interactive/2026/UFO/Slideshow/DOW-UAP-PR26-Unresolved-UAP-Report-United-Arab-Emirates-October-2023.jpg
[41.2%] [w7] SKIP         1454 KB  www.war.gov/Portals/1/Interactive/2026/UFO/Slideshow/DOW-UAP-PR34-Unresolved-UAP-Report-Greece-October-2023.jpg
[41.3%] [w5] SKIP          779 KB  www.war.gov/Portals/1/Interactive/2026/UFO/Slideshow/DOW-UAP-PR35-Unresolved-UAP-Report-Greece-October-2023.jpg
[41.4%] [w1] SKIP          944 KB  www.war.gov/Portals/1/Interactive/2026/UFO/Slideshow/DOW-UAP-PR46-Unresolved-UAP-Report-INDOPACOM-2024.jpg
[41.5%] [w6] SKIP         1198 KB  www.war.gov/Portals/1/Interactive/2026/UFO/Slideshow/DOW-UAP-PR43-Unresolved-UAP-Report-Africa-2025.jpg
[41.7%] [w8] SKIP          971 KB  www.war.gov/Portals/1/Interactive/2026/UFO/Slideshow/DOW-UAP-PR45-Unresolved-UAP-Report-Middle-East-2020.jpg
[41.8%] [w2] SKIP          841 KB  www.war.gov/Portals/1/Interactive/2026/UFO/Slideshow/DOW-UAP-PR38-Unresolved-UAP-Report-Middle-East-2013.jpg
[41.9%] [w4] SKIP          712 KB  www.war.gov/Portals/1/Interactive/2026/UFO/Slideshow/DOW-UAP-PR49-Unresolved-UAP-Report-Department-of-the-Army-2026.jpg
[42.1%] [w7] SKIP         1101 KB  www.war.gov/Portals/1/Interactive/2026/UFO/Slideshow/FBI-Photo-A5.jpg
[42.2%] [w3] SKIP         1186 KB  www.war.gov/Portals/1/Interactive/2026/UFO/Slideshow/FBI-Photo-1.jpg
[42.3%] [w5] SKIP         1122 KB  www.war.gov/Portals/1/Interactive/2026/UFO/Slideshow/FBI-Photo-B18.jpg
[42.5%] [w1] SKIP         1566 KB  www.war.gov/Portals/1/Interactive/2026/UFO/Slideshow/FBI-Photo-B2.jpg
[42.6%] [w8] SKIP         1612 KB  www.war.gov/Portals/1/Interactive/2026/UFO/Slideshow/FBI-Photo-B7-.jpg
[42.7%] [w6] SKIP         1567 KB  www.war.gov/Portals/1/Interactive/2026/UFO/Slideshow/FBI-Photo-B20.jpg
[42.9%] [w2] SKIP         1544 KB  www.war.gov/Portals/1/Interactive/2026/UFO/Slideshow/NASA-UAP-VM6-Apollo-17-1972.jpg
[43.0%] [w4] SKIP          748 KB  www.war.gov/Portals/1/Interactive/2026/UFO/Slideshow-2/CIA-UAP-D001_Intelligence_Information_Report_USSR_1973.jpg
[43.1%] [w5] SKIP         1328 KB  www.war.gov/Portals/1/Interactive/2026/UFO/Slideshow-2/DOW-UAP-PR050_4UAP_Formation_Iran_26_Aug_2022.jpg
[43.3%] [w7] SKIP          742 KB  www.war.gov/Portals/1/Interactive/2026/UFO/Slideshow-2/DOE-UAP-D001_PANTEX_Image.jpg
[43.4%] [w3] SKIP         1280 KB  www.war.gov/Portals/1/Interactive/2026/UFO/Slideshow-2/DOW-UAP-D017_General_Correspondence_Of_Sandia.jpg
[43.5%] [w1] SKIP         1090 KB  www.war.gov/Portals/1/Interactive/2026/UFO/Slideshow-2/DOW-UAP-PR051.jpg
[43.6%] [w8] SKIP         1031 KB  www.war.gov/Portals/1/Interactive/2026/UFO/Slideshow-2/DOW-UAP-PR052.jpg
[43.8%] [w6] SKIP          784 KB  www.war.gov/Portals/1/Interactive/2026/UFO/Slideshow-2/DOW-UAP-PR071_USAF-ANG F-16C_callsign_CALLSIGN_Shoots_Down_UAP.jpg
[43.9%] [w2] SKIP          932 KB  www.war.gov/Portals/1/Interactive/2026/UFO/Slideshow-2/DOW-UAP-PR086-UAP_from_Dec_2019_East_Coast.jpg
[44.0%] [w4] SKIP         1031 KB  www.war.gov/Portals/1/Interactive/2026/UFO/Slideshow-2/NASA-UAP-D008_Apollo12_Medical_Debriefing.jpg
[44.2%] [w5] SKIP         1325 KB  www.war.gov/Portals/1/Interactive/2026/UFO/Slideshow-2/ODNI-UAP-D001_USPER_Narrative_Senior_USIC.jpg
[44.3%] [w7] SKIP          176 KB  www.war.gov/Portals/1/Interactive/2026/UFO/uap-csv.csv
[44.4%] [w3] SKIP          286 KB  www.war.gov/Portals/1/Interactive/2026/UFO/uap-data.csv
[44.6%] [w1] SKIP          185 KB  www.war.gov/Portals/1/Interactive/2026/UFO/uap-release001.csv
[44.7%] [w8] SKIP           54 KB  www.war.gov/Portals/1/Interactive/2026/UFO/ufo2.css
[44.8%] [w6] SKIP            4 KB  www.war.gov/Portals/1/portal.css
[45.0%] [w2] SKIP            0 KB  www.war.gov/Portals/_default/Containers/DGOV2/container.css
[45.1%] [w4] SKIP            7 KB  www.war.gov/Portals/_default/Skins/DGOV2/resources/css/dnn.css
[45.2%] [w3] SKIP           48 KB  www.war.gov/Portals/_default/Skins/DGOV2/resources/fonts/crimson-pro-normal-600.woff2
[45.3%] [w7] SKIP           47 KB  www.war.gov/Portals/_default/Skins/DGOV2/resources/fonts/crimson-pro-normal-400.woff2
[45.5%] [w5] SKIP           49 KB  www.war.gov/Portals/_default/Skins/DGOV2/resources/fonts/crimson-pro-italic-400.woff2
[45.6%] [w8] SKIP            1 KB  www.war.gov/Portals/_default/Skins/DGOV2/resources/img/icon-dot-gov.svg
[45.7%] [w6] SKIP            1 KB  www.war.gov/Portals/_default/Skins/DGOV2/resources/img/icon-https.svg
[45.9%] [w1] SKIP           48 KB  www.war.gov/Portals/_default/Skins/DGOV2/resources/fonts/crimson-pro-normal-700.woff2
[46.0%] [w2] SKIP            6 KB  www.war.gov/Portals/_default/Skins/DGOV2/resources/img/play-default.png
[46.1%] [w3] SKIP            0 KB  www.war.gov/Portals/_default/Skins/DGOV2/resources/img/us_flag_small.png
[46.3%] [w5] SKIP           19 KB  www.war.gov/Portals/_default/Skins/DGOV2/resources/js/menu.js
[46.4%] [w7] SKIP            8 KB  www.war.gov/Portals/_default/Skins/DGOV2/resources/img/Veterans_Crisis_Line_Logo.svg
[46.5%] [w4] SKIP            6 KB  www.war.gov/Portals/_default/Skins/DGOV2/resources/img/play-hover.png
[46.7%] [w8] SKIP            3 KB  www.war.gov/Portals/_default/Skins/DGOV2/resources/js/skin.js
[46.8%] [w6] SKIP          163 KB  www.war.gov/Portals/_default/Skins/DGOV2/skin.css
[46.9%] [w1] SKIP           85 KB  www.war.gov/Resources/libraries/jQuery/03_07_01/jquery.js
[47.1%] [w3] SKIP          249 KB  www.war.gov/Resources/libraries/jQuery-UI/01_13_03/jquery-ui.min.js
[47.2%] [w7] SKIP          100 KB  www.war.gov/ScriptResource-b98ad4d436.axd
[47.3%] [w5] SKIP           95 KB  www.war.gov/Resources/Shared/stylesheets/dnndefault/7.0.0/default.css
[47.4%] [w4] SKIP           39 KB  www.war.gov/ScriptResource-ddf53796e2.axd
[47.6%] [w8] SKIP          174 KB  www.war.gov/UFO/index.html
[47.7%] [w6] SKIP           23 KB  www.war.gov/WebResource-273927aaca.axd
[47.8%] [w2] SKIP           13 KB  www.war.gov/Resources/libraries/jQuery-Migrate/03_04_01/jquery-migrate.js
[48.0%] [w3] SKIP      1303384 KB  d34w7g4gy10iej.cloudfront.net/uapvideos.zip
[48.1%] [w5] SKIP        12453 KB  d34w7g4gy10iej.cloudfront.net/video/2605/DOD_111688762/DOD_111688762.mp4
[48.2%] [w7] SKIP         6655 KB  d34w7g4gy10iej.cloudfront.net/video/2605/DOD_111688723/DOD_111688723.mp4
[48.4%] [w8] SKIP         3889 KB  d34w7g4gy10iej.cloudfront.net/video/2605/DOD_111688775/DOD_111688775.mp4
[48.5%] [w6] SKIP         5176 KB  d34w7g4gy10iej.cloudfront.net/video/2605/DOD_111688809/DOD_111688809.mp4
[48.6%] [w4] SKIP            1 KB  d34w7g4gy10iej.cloudfront.net/video/2605/DOD_111688762/VideoConfiguration_DOD_111688762_mp4_Waifu2xEX.ini
[48.8%] [w2] SKIP        26849 KB  d34w7g4gy10iej.cloudfront.net/video/2605/DOD_111688816/DOD_111688816.mp4
[48.9%] [w3] SKIP       152232 KB  d34w7g4gy10iej.cloudfront.net/video/2605/DOD_111688825/DOD_111688825.mp4
[49.0%] [w5] SKIP        15618 KB  d34w7g4gy10iej.cloudfront.net/video/2605/DOD_111688954/DOD_111688954.mp4
[49.1%] [w7] SKIP        15084 KB  d34w7g4gy10iej.cloudfront.net/video/2605/DOD_111688964/DOD_111688964.mp4
[49.3%] [w6] SKIP         1792 KB  d34w7g4gy10iej.cloudfront.net/video/2605/DOD_111688997/DOD_111688997.mp4
[49.4%] [w8] SKIP          629 KB  d34w7g4gy10iej.cloudfront.net/video/2605/DOD_111688970/DOD_111688970.mp4
[49.5%] [w4] SKIP          417 KB  d34w7g4gy10iej.cloudfront.net/video/2605/DOD_111689005/DOD_111689005.mp4
[49.7%] [w3] SKIP         2351 KB  d34w7g4gy10iej.cloudfront.net/video/2605/DOD_111689022/DOD_111689022.mp4
[49.8%] [w2] SKIP       193602 KB  d34w7g4gy10iej.cloudfront.net/video/2605/DOD_111689011/DOD_111689011.mp4
[49.9%] [w7] SKIP         8344 KB  d34w7g4gy10iej.cloudfront.net/video/2605/DOD_111689044/DOD_111689044.mp4
[50.1%] [w5] SKIP       139342 KB  d34w7g4gy10iej.cloudfront.net/video/2605/DOD_111689030/DOD_111689030.mp4
[50.2%] [w6] SKIP        29988 KB  d34w7g4gy10iej.cloudfront.net/video/2605/DOD_111689051/DOD_111689051.mp4
[50.3%] [w8] SKIP         1668 KB  d34w7g4gy10iej.cloudfront.net/video/2605/DOD_111689057/DOD_111689057.mp4
[50.5%] [w4] SKIP        28703 KB  d34w7g4gy10iej.cloudfront.net/video/2605/DOD_111689082/DOD_111689082.mp4
[50.6%] [w3] SKIP       114050 KB  d34w7g4gy10iej.cloudfront.net/video/2605/DOD_111689083/DOD_111689083.mp4
[50.7%] [w7] SKIP        84742 KB  d34w7g4gy10iej.cloudfront.net/video/2605/DOD_111689115/DOD_111689115.mp4
[50.9%] [w2] SKIP       268273 KB  d34w7g4gy10iej.cloudfront.net/video/2605/DOD_111689090/DOD_111689090.mp4
[51.0%] [w6] SKIP         2935 KB  d34w7g4gy10iej.cloudfront.net/video/2605/DOD_111689133/DOD_111689133.mp4
[51.1%] [w8] SKIP        15589 KB  d34w7g4gy10iej.cloudfront.net/video/2605/DOD_111689142/DOD_111689142.mp4
[51.2%] [w5] SKIP        14559 KB  d34w7g4gy10iej.cloudfront.net/video/2605/DOD_111689123/DOD_111689123.mp4
[51.4%] [w3] SKIP        16862 KB  d34w7g4gy10iej.cloudfront.net/video/2605/DOD_111689168/DOD_111689168.mp4
[51.5%] [w7] SKIP        18678 KB  d34w7g4gy10iej.cloudfront.net/video/2605/DOD_111689232/DOD_111689232.mp4
[51.6%] [w6] SKIP         3031 KB  d34w7g4gy10iej.cloudfront.net/video/2605/DOD_111719709/DOD_111719709.mp4
[51.8%] [w8] SKIP       150962 KB  d34w7g4gy10iej.cloudfront.net/video/2605/DOD_111719715/DOD_111719715.mp4
[51.9%] [w4] SKIP       114025 KB  d34w7g4gy10iej.cloudfront.net/video/2605/DOD_111689167/DOD_111689167.mp4
[52.0%] [w5] SKIP       501699 KB  d34w7g4gy10iej.cloudfront.net/video/2605/DOD_111719718/DOD_111719718.mp4
[52.2%] [w2] SKIP         8876 KB  d34w7g4gy10iej.cloudfront.net/video/2605/DOD_111689759/DOD_111689759.mp4
[52.3%] [w7] SKIP        60292 KB  d34w7g4gy10iej.cloudfront.net/video/2605/DOD_111719726/DOD_111719726.mp4
[52.4%] [w6] SKIP        57637 KB  d34w7g4gy10iej.cloudfront.net/video/2605/DOD_111719730/DOD_111719730.mp4
[52.6%] [w5] SKIP       110741 KB  d34w7g4gy10iej.cloudfront.net/video/2605/DOD_111719739/DOD_111719739.mp4
[52.7%] [w8] SKIP        17226 KB  d34w7g4gy10iej.cloudfront.net/video/2605/DOD_111719732/DOD_111719732.mp4
[52.8%] [w3] SKIP         2705 KB  d34w7g4gy10iej.cloudfront.net/video/2605/DOD_111719723/DOD_111719723.mp4
[52.9%] [w4] SKIP        97043 KB  d34w7g4gy10iej.cloudfront.net/video/2605/DOD_111719736/DOD_111719736.mp4
[53.1%] [w2] SKIP       150778 KB  d34w7g4gy10iej.cloudfront.net/video/2605/DOD_111719741/DOD_111719741.mp4
[53.2%] [w7] SKIP       116796 KB  d34w7g4gy10iej.cloudfront.net/video/2605/DOD_111719746/DOD_111719746.mp4
[53.3%] [w5] SKIP        14049 KB  d34w7g4gy10iej.cloudfront.net/video/2605/DOD_111719795/DOD_111719795.mp4
[53.5%] [w8] SKIP        34743 KB  d34w7g4gy10iej.cloudfront.net/video/2605/DOD_111719799/DOD_111719799.mp4
[53.6%] [w6] SKIP        31489 KB  d34w7g4gy10iej.cloudfront.net/video/2605/DOD_111719752/DOD_111719752.mp4
[53.7%] [w3] SKIP       217557 KB  d34w7g4gy10iej.cloudfront.net/video/2605/DOD_111719800/DOD_111719800.mp4
[53.9%] [w4] SKIP       189141 KB  d34w7g4gy10iej.cloudfront.net/video/2605/DOD_111719804/DOD_111719804.mp4
[54.0%] [w2] SKIP        71290 KB  d34w7g4gy10iej.cloudfront.net/video/2605/DOD_111719807/DOD_111719807.mp4
[54.1%] [w7] SKIP        69851 KB  d34w7g4gy10iej.cloudfront.net/video/2605/DOD_111719809/DOD_111719809.mp4
[54.3%] [w5] SKIP        99806 KB  d34w7g4gy10iej.cloudfront.net/video/2605/DOD_111719813/DOD_111719813.mp4
[54.4%] [w8] SKIP       226573 KB  d34w7g4gy10iej.cloudfront.net/video/2605/DOD_111719823/DOD_111719823.mp4
[54.5%] [w3] SKIP       249223 KB  d34w7g4gy10iej.cloudfront.net/video/2605/DOD_111719833/DOD_111719833.mp4
[54.7%] [w6] SKIP       151460 KB  d34w7g4gy10iej.cloudfront.net/video/2605/DOD_111719828/DOD_111719828.mp4
[54.8%] [w4] SKIP        78435 KB  d34w7g4gy10iej.cloudfront.net/video/2605/DOD_111719835/DOD_111719835.mp4
[54.9%] [w5] SKIP         3157 KB  d34w7g4gy10iej.cloudfront.net/video/2605/DOD_111719852/DOD_111719852.mp4
[55.0%] [w8] SKIP         1325 KB  d34w7g4gy10iej.cloudfront.net/video/2605/DOD_111720692/DOD_111720692.mp4
[55.2%] [w2] SKIP       148847 KB  d34w7g4gy10iej.cloudfront.net/video/2605/DOD_111719847/DOD_111719847.mp4
[55.3%] [w3] SKIP        34676 KB  d34w7g4gy10iej.cloudfront.net/video/2605/DOD_111720693/DOD_111720693.mp4
[55.4%] [w6] SKIP       157332 KB  d34w7g4gy10iej.cloudfront.net/video/2605/DOD_111720696/DOD_111720696.mp4
[55.6%] [w7] SKIP       212627 KB  d34w7g4gy10iej.cloudfront.net/video/2605/DOD_111719850/DOD_111719850.mp4
[55.7%] [w4] SKIP        16004 KB  d34w7g4gy10iej.cloudfront.net/video/2605/DOD_111720698/DOD_111720698.mp4
[55.8%] [w8] SKIP        36670 KB  d34w7g4gy10iej.cloudfront.net/video/2605/DOD_111720720/DOD_111720720.mp4
[56.0%] [w5] SKIP        14391 KB  d34w7g4gy10iej.cloudfront.net/video/2605/DOD_111720700/DOD_111720700.mp4
[56.1%] [w3] SKIP         3789 KB  d34w7g4gy10iej.cloudfront.net/video/2605/DOD_111720752/DOD_111720752.mp4
[56.2%] [w6] SKIP         2292 KB  d34w7g4gy10iej.cloudfront.net/video/2605/DOD_111720765/DOD_111720765.mp4
[56.4%] [w2] SKIP         4768 KB  d34w7g4gy10iej.cloudfront.net/video/2605/DOD_111720731/DOD_111720731.mp4
[56.5%] [w7] SKIP        75598 KB  d34w7g4gy10iej.cloudfront.net/video/2605/DOD_111720775/DOD_111720775.mp4
[56.6%] [w4] SKIP        18564 KB  d34w7g4gy10iej.cloudfront.net/video/2605/DOD_111720809/DOD_111720809.mp4
[56.7%] [w8] SKIP        62742 KB  d34w7g4gy10iej.cloudfront.net/video/2605/DOD_111720822/DOD_111720822.mp4
[56.9%] [w5] SKIP        17272 KB  d34w7g4gy10iej.cloudfront.net/video/2605/DOD_111720827/DOD_111720827.mp4
[57.0%] [w3] SKIP        74698 KB  d34w7g4gy10iej.cloudfront.net/video/2605/DOD_111720830/DOD_111720830.mp4
[57.1%] [w6] SKIP        63936 KB  d34w7g4gy10iej.cloudfront.net/video/2605/DOD_111720843/DOD_111720843.mp4
[57.3%] [w7] SKIP        83356 KB  d34w7g4gy10iej.cloudfront.net/video/2605/DOD_111720857/DOD_111720857.mp4
[57.4%] [w2] SKIP        55969 KB  d34w7g4gy10iej.cloudfront.net/video/2605/DOD_111720856/DOD_111720856.mp4
[57.5%] [w5] SKIP        48429 KB  d34w7g4gy10iej.cloudfront.net/video/2605/DOD_111720883/DOD_111720883.mp4
[57.7%] [w7] SKIP        71310 KB  d34w7g4gy10iej.cloudfront.net/video/2605/DOD_111720890/DOD_111720890.mp4
[57.8%] [w3] SKIP        79121 KB  d34w7g4gy10iej.cloudfront.net/video/2605/DOD_111720884/DOD_111720884.mp4
[57.9%] [w8] SKIP        41731 KB  d34w7g4gy10iej.cloudfront.net/video/2605/DOD_111720861/DOD_111720861.mp4
[58.1%] [w6] SKIP        71887 KB  d34w7g4gy10iej.cloudfront.net/video/2605/DOD_111720886/DOD_111720886.mp4
[58.2%] [w4] SKIP        44068 KB  d34w7g4gy10iej.cloudfront.net/video/2605/DOD_111720858/DOD_111720858.mp4
[58.3%] [w2] SKIP        67380 KB  d34w7g4gy10iej.cloudfront.net/video/2605/DOD_111720899/DOD_111720899.mp4
[58.5%] [w7] SKIP       254915 KB  d34w7g4gy10iej.cloudfront.net/video/2605/DOD_111721698/DOD_111721698.mp4
[58.6%] [w8] SKIP       406475 KB  d34w7g4gy10iej.cloudfront.net/video/2605/DOD_111721737/DOD_111721737.mp4
[58.7%] [w5] SKIP       153565 KB  d34w7g4gy10iej.cloudfront.net/video/2605/DOD_111721693/DOD_111721693.mp4
[58.8%] [w6] SKIP       209059 KB  d34w7g4gy10iej.cloudfront.net/video/2605/DOD_111721747/DOD_111721747.mp4
[59.0%] [w4] SKIP        33050 KB  d34w7g4gy10iej.cloudfront.net/video/2605/DOD_111721755/DOD_111721755.mp4
[59.1%] [w2] SKIP        79790 KB  d34w7g4gy10iej.cloudfront.net/video/2605/DOD_111721758/DOD_111721758.mp4
An error was encountered in a non-retryable streaming request.
[FAIL] d34w7g4gy10iej.cloudfront.net/uap052226.zip: aborted
  Deserialization error: to see the raw response, inspect the hidden field {error}.$response on this object.
[59.4%] [w7] SKIP          175 KB  d1ldvf68ux039x.cloudfront.net/thumbs/frames/video/2605/1006056/DOD_111688723.0000001/2000w_q95.jpg
[59.5%] [w8] SKIP           44 KB  d1ldvf68ux039x.cloudfront.net/thumbs/frames/video/2605/1006056/DOD_111688723.0000001/720w_q95.jpg
[59.6%] [w1] SKIP          242 KB  d1ldvf68ux039x.cloudfront.net/thumbs/frames/video/2605/1006062/DOD_111688809.0000001/2000w_q95.jpg
[59.8%] [w6] SKIP           66 KB  d1ldvf68ux039x.cloudfront.net/thumbs/frames/video/2605/1006059/DOD_111688762.0000001/720w_q95.jpg
[59.9%] [w4] SKIP          151 KB  d1ldvf68ux039x.cloudfront.net/thumbs/frames/video/2605/1006060/DOD_111688775.0000001/2000w_q95.jpg
[60.0%] [w2] SKIP           43 KB  d1ldvf68ux039x.cloudfront.net/thumbs/frames/video/2605/1006060/DOD_111688775.0000001/720w_q95.jpg
[60.2%] [w5] SKIP          285 KB  d1ldvf68ux039x.cloudfront.net/thumbs/frames/video/2605/1006059/DOD_111688762.0000001/2000w_q95.jpg
[60.3%] [w7] SKIP           66 KB  d1ldvf68ux039x.cloudfront.net/thumbs/frames/video/2605/1006062/DOD_111688809.0000001/720w_q95.jpg
[60.4%] [w8] SKIP           52 KB  d1ldvf68ux039x.cloudfront.net/thumbs/frames/video/2605/1006063/DOD_111688816.0000001/2000w_q95.jpg
[60.6%] [w1] SKIP           12 KB  d1ldvf68ux039x.cloudfront.net/thumbs/frames/video/2605/1006063/DOD_111688816.0000001/720w_q95.jpg
[60.7%] [w6] SKIP          220 KB  d1ldvf68ux039x.cloudfront.net/thumbs/frames/video/2605/1006067/DOD_111688825.0000001/2000w_q95.jpg
[60.8%] [w3] SKIP       161033 KB  d34w7g4gy10iej.cloudfront.net/video/2605/DOD_111721711/DOD_111721711.mp4
[60.9%] [w4] SKIP           58 KB  d1ldvf68ux039x.cloudfront.net/thumbs/frames/video/2605/1006067/DOD_111688825.0000001/720w_q95.jpg
[61.1%] [w2] SKIP           72 KB  d1ldvf68ux039x.cloudfront.net/thumbs/frames/video/2605/1006073/DOD_111688954.0000001/2000w_q95.jpg
[61.2%] [w5] SKIP           18 KB  d1ldvf68ux039x.cloudfront.net/thumbs/frames/video/2605/1006073/DOD_111688954.0000001/720w_q95.jpg
[61.3%] [w7] SKIP          113 KB  d1ldvf68ux039x.cloudfront.net/thumbs/frames/video/2605/1006074/DOD_111688964.0000001/2000w_q95.jpg
[61.5%] [w8] SKIP           27 KB  d1ldvf68ux039x.cloudfront.net/thumbs/frames/video/2605/1006074/DOD_111688964.0000001/720w_q95.jpg
[61.6%] [w1] SKIP          115 KB  d1ldvf68ux039x.cloudfront.net/thumbs/frames/video/2605/1006076/DOD_111688970.0000001/2000w_q95.jpg
[61.7%] [w6] SKIP           32 KB  d1ldvf68ux039x.cloudfront.net/thumbs/frames/video/2605/1006076/DOD_111688970.0000001/720w_q95.jpg
[61.9%] [w3] SKIP          113 KB  d1ldvf68ux039x.cloudfront.net/thumbs/frames/video/2605/1006078/DOD_111688997.0000001/2000w_q95.jpg
[62.0%] [w4] SKIP           30 KB  d1ldvf68ux039x.cloudfront.net/thumbs/frames/video/2605/1006078/DOD_111688997.0000001/720w_q95.jpg
[62.1%] [w5] SKIP           25 KB  d1ldvf68ux039x.cloudfront.net/thumbs/frames/video/2605/1006079/DOD_111689005.0000001/720w_q95.jpg
[62.3%] [w7] SKIP          391 KB  d1ldvf68ux039x.cloudfront.net/thumbs/frames/video/2605/1006080/DOD_111689011.0000001/2000w_q95.jpg
[62.4%] [w2] SKIP           96 KB  d1ldvf68ux039x.cloudfront.net/thumbs/frames/video/2605/1006079/DOD_111689005.0000001/2000w_q95.jpg
[62.5%] [w8] SKIP           84 KB  d1ldvf68ux039x.cloudfront.net/thumbs/frames/video/2605/1006080/DOD_111689011.0000001/720w_q95.jpg
[62.6%] [w1] SKIP           33 KB  d1ldvf68ux039x.cloudfront.net/thumbs/frames/video/2605/1006082/DOD_111689022.0000001/2000w_q95.jpg
[62.8%] [w6] SKIP           11 KB  d1ldvf68ux039x.cloudfront.net/thumbs/frames/video/2605/1006082/DOD_111689022.0000001/720w_q95.jpg
[62.9%] [w7] SKIP           54 KB  d1ldvf68ux039x.cloudfront.net/thumbs/frames/video/2605/1006087/DOD_111689044.0000001/720w_q95.jpg
[63.0%] [w5] SKIP          251 KB  d1ldvf68ux039x.cloudfront.net/thumbs/frames/video/2605/1006087/DOD_111689044.0000001/2000w_q95.jpg
[63.2%] [w4] SKIP           41 KB  d1ldvf68ux039x.cloudfront.net/thumbs/frames/video/2605/1006083/DOD_111689030.0000001/720w_q95.jpg
[63.3%] [w8] SKIP           16 KB  d1ldvf68ux039x.cloudfront.net/thumbs/frames/video/2605/1006088/DOD_111689051.0000001/720w_q95.jpg
[63.4%] [w1] SKIP          134 KB  d1ldvf68ux039x.cloudfront.net/thumbs/frames/video/2605/1006089/DOD_111689057.0000001/2000w_q95.jpg
[63.6%] [w3] SKIP          158 KB  d1ldvf68ux039x.cloudfront.net/thumbs/frames/video/2605/1006083/DOD_111689030.0000001/2000w_q95.jpg
[63.7%] [w2] SKIP           67 KB  d1ldvf68ux039x.cloudfront.net/thumbs/frames/video/2605/1006088/DOD_111689051.0000001/2000w_q95.jpg
[63.8%] [w5] SKIP           17 KB  d1ldvf68ux039x.cloudfront.net/thumbs/frames/video/2605/1006093/DOD_111689082.0000001/720w_q95.jpg
[64.0%] [w6] SKIP           34 KB  d1ldvf68ux039x.cloudfront.net/thumbs/frames/video/2605/1006089/DOD_111689057.0000001/720w_q95.jpg
[64.1%] [w1] SKIP          119 KB  d1ldvf68ux039x.cloudfront.net/thumbs/frames/video/2605/1006097/DOD_111689090.0000001/2000w_q95.jpg
[64.2%] [w8] SKIP           37 KB  d1ldvf68ux039x.cloudfront.net/thumbs/frames/video/2605/1006094/DOD_111689083.0000001/720w_q95.jpg
[64.4%] [w3] SKIP           33 KB  d1ldvf68ux039x.cloudfront.net/thumbs/frames/video/2605/1006097/DOD_111689090.0000001/720w_q95.jpg
[64.5%] [w2] SKIP          128 KB  d1ldvf68ux039x.cloudfront.net/thumbs/frames/video/2605/1006104/DOD_111689115.0000001/2000w_q95.jpg
[64.6%] [w7] SKIP           73 KB  d1ldvf68ux039x.cloudfront.net/thumbs/frames/video/2605/1006093/DOD_111689082.0000001/2000w_q95.jpg
[64.7%] [w4] SKIP          141 KB  d1ldvf68ux039x.cloudfront.net/thumbs/frames/video/2605/1006094/DOD_111689083.0000001/2000w_q95.jpg
[64.9%] [w5] SKIP           31 KB  d1ldvf68ux039x.cloudfront.net/thumbs/frames/video/2605/1006104/DOD_111689115.0000001/720w_q95.jpg
[65.0%] [w1] SKIP           13 KB  d1ldvf68ux039x.cloudfront.net/thumbs/frames/video/2605/1006105/DOD_111689123.0000001/720w_q95.jpg
[65.1%] [w6] SKIP           55 KB  d1ldvf68ux039x.cloudfront.net/thumbs/frames/video/2605/1006105/DOD_111689123.0000001/2000w_q95.jpg
[65.3%] [w8] SKIP           85 KB  d1ldvf68ux039x.cloudfront.net/thumbs/frames/video/2605/1006106/DOD_111689133.0000001/2000w_q95.jpg
[65.4%] [w3] SKIP           21 KB  d1ldvf68ux039x.cloudfront.net/thumbs/frames/video/2605/1006106/DOD_111689133.0000001/720w_q95.jpg
[65.5%] [w7] SKIP           10 KB  d1ldvf68ux039x.cloudfront.net/thumbs/frames/video/2605/1006107/DOD_111689142.0000001/720w_q95.jpg
[65.7%] [w2] SKIP           38 KB  d1ldvf68ux039x.cloudfront.net/thumbs/frames/video/2605/1006107/DOD_111689142.0000001/2000w_q95.jpg
[65.8%] [w5] SKIP           55 KB  d1ldvf68ux039x.cloudfront.net/thumbs/frames/video/2605/1006110/DOD_111689167.0000001/720w_q95.jpg
[65.9%] [w3] SKIP           26 KB  d1ldvf68ux039x.cloudfront.net/thumbs/frames/video/2605/1006119/DOD_111689232.0000001/720w_q95.jpg
[66.1%] [w6] SKIP            5 KB  d1ldvf68ux039x.cloudfront.net/thumbs/frames/video/2605/1006111/DOD_111689168.0000001/720w_q95.jpg
[66.2%] [w4] SKIP          193 KB  d1ldvf68ux039x.cloudfront.net/thumbs/frames/video/2605/1006110/DOD_111689167.0000001/2000w_q95.jpg
[66.3%] [w7] SKIP          212 KB  d1ldvf68ux039x.cloudfront.net/thumbs/frames/video/2605/1006159/DOD_111689759.0000001/2000w_q95.jpg
[66.4%] [w1] SKIP           25 KB  d1ldvf68ux039x.cloudfront.net/thumbs/frames/video/2605/1006111/DOD_111689168.0000001/2000w_q95.jpg
[66.6%] [w8] SKIP           98 KB  d1ldvf68ux039x.cloudfront.net/thumbs/frames/video/2605/1006119/DOD_111689232.0000001/2000w_q95.jpg
[66.7%] [w2] SKIP           51 KB  d1ldvf68ux039x.cloudfront.net/thumbs/frames/video/2605/1006159/DOD_111689759.0000001/720w_q95.jpg
[66.8%] [w5] SKIP          150 KB  d1ldvf68ux039x.cloudfront.net/thumbs/frames/video/2605/1007706/DOD_111719709.0000001/2000w_q95.jpg
[67.0%] [w3] SKIP           50 KB  d1ldvf68ux039x.cloudfront.net/thumbs/frames/video/2605/1007706/DOD_111719709.0000001/720w_q95.jpg
[67.1%] [w6] SKIP           60 KB  d1ldvf68ux039x.cloudfront.net/thumbs/frames/video/2605/1007707/DOD_111719715.0000001/2000w_q95.jpg
[67.2%] [w1] SKIP           15 KB  d1ldvf68ux039x.cloudfront.net/thumbs/frames/video/2605/1007708/DOD_111719718.0000001/720w_q95.jpg
[67.4%] [w4] SKIP           18 KB  d1ldvf68ux039x.cloudfront.net/thumbs/frames/video/2605/1007707/DOD_111719715.0000001/720w_q95.jpg
[67.5%] [w7] SKIP           67 KB  d1ldvf68ux039x.cloudfront.net/thumbs/frames/video/2605/1007708/DOD_111719718.0000001/2000w_q95.jpg
[67.6%] [w8] SKIP           88 KB  d1ldvf68ux039x.cloudfront.net/thumbs/frames/video/2605/1007709/DOD_111719723.0000001/2000w_q95.jpg
[67.8%] [w2] SKIP           23 KB  d1ldvf68ux039x.cloudfront.net/thumbs/frames/video/2605/1007709/DOD_111719723.0000001/720w_q95.jpg
[67.9%] [w3] SKIP            8 KB  d1ldvf68ux039x.cloudfront.net/thumbs/frames/video/2605/1007711/DOD_111719726.0000001/720w_q95.jpg
[68.0%] [w5] SKIP           29 KB  d1ldvf68ux039x.cloudfront.net/thumbs/frames/video/2605/1007711/DOD_111719726.0000001/2000w_q95.jpg
[68.2%] [w6] SKIP           63 KB  d1ldvf68ux039x.cloudfront.net/thumbs/frames/video/2605/1007712/DOD_111719730.0000001/2000w_q95.jpg
[68.3%] [w7] SKIP           27 KB  d1ldvf68ux039x.cloudfront.net/thumbs/frames/video/2605/1007713/DOD_111719732.0000001/720w_q95.jpg
[68.4%] [w8] SKIP          188 KB  d1ldvf68ux039x.cloudfront.net/thumbs/frames/video/2605/1007715/DOD_111719736.0000001/2000w_q95.jpg
[68.5%] [w1] SKIP           19 KB  d1ldvf68ux039x.cloudfront.net/thumbs/frames/video/2605/1007712/DOD_111719730.0000001/720w_q95.jpg
[68.7%] [w4] SKIP          126 KB  d1ldvf68ux039x.cloudfront.net/thumbs/frames/video/2605/1007713/DOD_111719732.0000001/2000w_q95.jpg
[68.8%] [w2] SKIP           59 KB  d1ldvf68ux039x.cloudfront.net/thumbs/frames/video/2605/1007715/DOD_111719736.0000001/720w_q95.jpg
[68.9%] [w3] SKIP           61 KB  d1ldvf68ux039x.cloudfront.net/thumbs/frames/video/2605/1007716/DOD_111719739.0000001/2000w_q95.jpg
[69.1%] [w5] SKIP           14 KB  d1ldvf68ux039x.cloudfront.net/thumbs/frames/video/2605/1007716/DOD_111719739.0000001/720w_q95.jpg
[69.2%] [w6] SKIP          114 KB  d1ldvf68ux039x.cloudfront.net/thumbs/frames/video/2605/1007718/DOD_111719741.0000001/2000w_q95.jpg
[69.3%] [w7] SKIP           33 KB  d1ldvf68ux039x.cloudfront.net/thumbs/frames/video/2605/1007718/DOD_111719741.0000001/720w_q95.jpg
[69.5%] [w1] SKIP           61 KB  d1ldvf68ux039x.cloudfront.net/thumbs/frames/video/2605/1007719/DOD_111719746.0000001/720w_q95.jpg
[69.6%] [w8] SKIP          195 KB  d1ldvf68ux039x.cloudfront.net/thumbs/frames/video/2605/1007719/DOD_111719746.0000001/2000w_q95.jpg
[69.7%] [w4] SKIP           88 KB  d1ldvf68ux039x.cloudfront.net/thumbs/frames/video/2605/1007720/DOD_111719752.0000001/2000w_q95.jpg
[69.9%] [w2] SKIP           24 KB  d1ldvf68ux039x.cloudfront.net/thumbs/frames/video/2605/1007720/DOD_111719752.0000001/720w_q95.jpg
[70.0%] [w3] SKIP           91 KB  d1ldvf68ux039x.cloudfront.net/thumbs/frames/video/2605/1007721/DOD_111719795.0000001/2000w_q95.jpg
[70.1%] [w5] SKIP           25 KB  d1ldvf68ux039x.cloudfront.net/thumbs/frames/video/2605/1007721/DOD_111719795.0000001/720w_q95.jpg
[70.2%] [w7] SKIP           31 KB  d1ldvf68ux039x.cloudfront.net/thumbs/frames/video/2605/1007722/DOD_111719799.0000001/720w_q95.jpg
[70.4%] [w6] SKIP          108 KB  d1ldvf68ux039x.cloudfront.net/thumbs/frames/video/2605/1007722/DOD_111719799.0000001/2000w_q95.jpg
[70.5%] [w8] SKIP            7 KB  d1ldvf68ux039x.cloudfront.net/thumbs/frames/video/2605/1007723/DOD_111719800.0000001/720w_q95.jpg
[70.6%] [w1] SKIP           25 KB  d1ldvf68ux039x.cloudfront.net/thumbs/frames/video/2605/1007723/DOD_111719800.0000001/2000w_q95.jpg
[70.8%] [w2] SKIP           38 KB  d1ldvf68ux039x.cloudfront.net/thumbs/frames/video/2605/1007725/DOD_111719804.0000001/720w_q95.jpg
[70.9%] [w4] SKIP          134 KB  d1ldvf68ux039x.cloudfront.net/thumbs/frames/video/2605/1007725/DOD_111719804.0000001/2000w_q95.jpg
[71.0%] [w5] SKIP           55 KB  d1ldvf68ux039x.cloudfront.net/thumbs/frames/video/2605/1007726/DOD_111719807.0000001/720w_q95.jpg
[71.2%] [w6] SKIP           23 KB  d1ldvf68ux039x.cloudfront.net/thumbs/frames/video/2605/1007727/DOD_111719809.0000001/720w_q95.jpg
[71.3%] [w8] SKIP          120 KB  d1ldvf68ux039x.cloudfront.net/thumbs/frames/video/2605/1007728/DOD_111719813.0000001/2000w_q95.jpg
[71.4%] [w3] SKIP          204 KB  d1ldvf68ux039x.cloudfront.net/thumbs/frames/video/2605/1007726/DOD_111719807.0000001/2000w_q95.jpg
[71.6%] [w7] SKIP           75 KB  d1ldvf68ux039x.cloudfront.net/thumbs/frames/video/2605/1007727/DOD_111719809.0000001/2000w_q95.jpg
[71.7%] [w1] SKIP           37 KB  d1ldvf68ux039x.cloudfront.net/thumbs/frames/video/2605/1007728/DOD_111719813.0000001/720w_q95.jpg
[71.8%] [w5] SKIP          188 KB  d1ldvf68ux039x.cloudfront.net/thumbs/frames/video/2605/1007735/DOD_111719828.0000001/2000w_q95.jpg
[72.0%] [w6] SKIP           51 KB  d1ldvf68ux039x.cloudfront.net/thumbs/frames/video/2605/1007735/DOD_111719828.0000001/720w_q95.jpg
[72.1%] [w8] SKIP           74 KB  d1ldvf68ux039x.cloudfront.net/thumbs/frames/video/2605/1007737/DOD_111719833.0000001/2000w_q95.jpg
[72.2%] [w2] SKIP          367 KB  d1ldvf68ux039x.cloudfront.net/thumbs/frames/video/2605/1007734/DOD_111719823.0000001/2000w_q95.jpg
[72.3%] [w4] SKIP           93 KB  d1ldvf68ux039x.cloudfront.net/thumbs/frames/video/2605/1007734/DOD_111719823.0000001/720w_q95.jpg
[72.5%] [w3] SKIP           20 KB  d1ldvf68ux039x.cloudfront.net/thumbs/frames/video/2605/1007737/DOD_111719833.0000001/720w_q95.jpg
[72.6%] [w7] SKIP          105 KB  d1ldvf68ux039x.cloudfront.net/thumbs/frames/video/2605/1007738/DOD_111719835.0000001/2000w_q95.jpg
[72.7%] [w1] SKIP           29 KB  d1ldvf68ux039x.cloudfront.net/thumbs/frames/video/2605/1007738/DOD_111719835.0000001/720w_q95.jpg
[72.9%] [w5] SKIP           95 KB  d1ldvf68ux039x.cloudfront.net/thumbs/frames/video/2605/1007739/DOD_111719847.0000001/2000w_q95.jpg
[73.0%] [w8] SKIP          258 KB  d1ldvf68ux039x.cloudfront.net/thumbs/frames/video/2605/1007740/DOD_111719850.0000001/2000w_q95.jpg
[73.1%] [w6] SKIP           27 KB  d1ldvf68ux039x.cloudfront.net/thumbs/frames/video/2605/1007739/DOD_111719847.0000001/720w_q95.jpg
[73.3%] [w2] SKIP           64 KB  d1ldvf68ux039x.cloudfront.net/thumbs/frames/video/2605/1007740/DOD_111719850.0000001/720w_q95.jpg
[73.4%] [w3] SKIP           46 KB  d1ldvf68ux039x.cloudfront.net/thumbs/frames/video/2605/1007741/DOD_111719852.0000001/720w_q95.jpg
[73.5%] [w4] SKIP          137 KB  d1ldvf68ux039x.cloudfront.net/thumbs/frames/video/2605/1007741/DOD_111719852.0000001/2000w_q95.jpg
[73.7%] [w7] SKIP           42 KB  d1ldvf68ux039x.cloudfront.net/thumbs/frames/video/2605/1007777/DOD_111720692.0000001/2000w_q95.jpg
[73.8%] [w1] SKIP           13 KB  d1ldvf68ux039x.cloudfront.net/thumbs/frames/video/2605/1007777/DOD_111720692.0000001/720w_q95.jpg
[73.9%] [w5] SKIP          172 KB  d1ldvf68ux039x.cloudfront.net/thumbs/frames/video/2605/1007778/DOD_111720693.0000001/2000w_q95.jpg
[74.0%] [w6] SKIP          161 KB  d1ldvf68ux039x.cloudfront.net/thumbs/frames/video/2605/1007779/DOD_111720696.0000001/2000w_q95.jpg
[74.2%] [w3] SKIP           57 KB  d1ldvf68ux039x.cloudfront.net/thumbs/frames/video/2605/1007780/DOD_111720698.0000001/2000w_q95.jpg
[74.3%] [w7] SKIP           64 KB  d1ldvf68ux039x.cloudfront.net/thumbs/frames/video/2605/1007781/DOD_111720700.0000001/2000w_q95.jpg
[74.4%] [w1] SKIP           14 KB  d1ldvf68ux039x.cloudfront.net/thumbs/frames/video/2605/1007781/DOD_111720700.0000001/720w_q95.jpg
[74.6%] [w2] SKIP           44 KB  d1ldvf68ux039x.cloudfront.net/thumbs/frames/video/2605/1007779/DOD_111720696.0000001/720w_q95.jpg
[74.7%] [w8] SKIP           43 KB  d1ldvf68ux039x.cloudfront.net/thumbs/frames/video/2605/1007778/DOD_111720693.0000001/720w_q95.jpg
[74.8%] [w4] SKIP           14 KB  d1ldvf68ux039x.cloudfront.net/thumbs/frames/video/2605/1007780/DOD_111720698.0000001/720w_q95.jpg
[75.0%] [w5] SKIP          184 KB  d1ldvf68ux039x.cloudfront.net/thumbs/frames/video/2605/1007783/DOD_111720720.0000001/2000w_q95.jpg
[75.1%] [w6] SKIP           41 KB  d1ldvf68ux039x.cloudfront.net/thumbs/frames/video/2605/1007783/DOD_111720720.0000001/720w_q95.jpg
[75.2%] [w3] SKIP            9 KB  d1ldvf68ux039x.cloudfront.net/thumbs/frames/video/2605/1007784/DOD_111720731.0000001/2000w_q95.jpg
[75.4%] [w7] SKIP            1 KB  d1ldvf68ux039x.cloudfront.net/thumbs/frames/video/2605/1007784/DOD_111720731.0000001/720w_q95.jpg
[75.5%] [w1] SKIP           96 KB  d1ldvf68ux039x.cloudfront.net/thumbs/frames/video/2605/1007788/DOD_111720752.0000004/2000w_q95.jpg
[75.6%] [w8] SKIP           13 KB  d1ldvf68ux039x.cloudfront.net/thumbs/frames/video/2605/1007790/DOD_111720765.0000001/2000w_q95.jpg
[75.8%] [w4] SKIP            2 KB  d1ldvf68ux039x.cloudfront.net/thumbs/frames/video/2605/1007790/DOD_111720765.0000001/720w_q95.jpg
[75.9%] [w2] SKIP           17 KB  d1ldvf68ux039x.cloudfront.net/thumbs/frames/video/2605/1007788/DOD_111720752.0000004/720w_q95.jpg
[76.0%] [w5] SKIP           16 KB  d1ldvf68ux039x.cloudfront.net/thumbs/frames/video/2605/1007791/DOD_111720775.0000001/2000w_q95.jpg
[76.1%] [w6] SKIP            4 KB  d1ldvf68ux039x.cloudfront.net/thumbs/frames/video/2605/1007791/DOD_111720775.0000001/720w_q95.jpg
[76.3%] [w7] SKIP           14 KB  d1ldvf68ux039x.cloudfront.net/thumbs/frames/video/2605/1007795/DOD_111720809.0000001/720w_q95.jpg
[76.4%] [w3] SKIP           63 KB  d1ldvf68ux039x.cloudfront.net/thumbs/frames/video/2605/1007795/DOD_111720809.0000001/2000w_q95.jpg
[76.5%] [w8] SKIP           23 KB  d1ldvf68ux039x.cloudfront.net/thumbs/frames/video/2605/1007796/DOD_111720822.0000001/720w_q95.jpg
[76.7%] [w1] SKIP           79 KB  d1ldvf68ux039x.cloudfront.net/thumbs/frames/video/2605/1007796/DOD_111720822.0000001/2000w_q95.jpg
[76.8%] [w4] SKIP           55 KB  d1ldvf68ux039x.cloudfront.net/thumbs/frames/video/2605/1007797/DOD_111720827.0000001/2000w_q95.jpg
[76.9%] [w2] SKIP           13 KB  d1ldvf68ux039x.cloudfront.net/thumbs/frames/video/2605/1007797/DOD_111720827.0000001/720w_q95.jpg
[77.1%] [w5] SKIP           75 KB  d1ldvf68ux039x.cloudfront.net/thumbs/frames/video/2605/1007799/DOD_111720830.0000001/2000w_q95.jpg
[77.2%] [w6] SKIP           17 KB  d1ldvf68ux039x.cloudfront.net/thumbs/frames/video/2605/1007799/DOD_111720830.0000001/720w_q95.jpg
[77.3%] [w7] SKIP           31 KB  d1ldvf68ux039x.cloudfront.net/thumbs/frames/video/2605/1007800/DOD_111720843.0000001/2000w_q95.jpg
[77.5%] [w3] SKIP            9 KB  d1ldvf68ux039x.cloudfront.net/thumbs/frames/video/2605/1007800/DOD_111720843.0000001/720w_q95.jpg
[77.6%] [w8] SKIP           77 KB  d1ldvf68ux039x.cloudfront.net/thumbs/frames/video/2605/1007803/DOD_111720856.0000006/2000w_q95.jpg
[77.7%] [w1] SKIP           20 KB  d1ldvf68ux039x.cloudfront.net/thumbs/frames/video/2605/1007803/DOD_111720856.0000006/720w_q95.jpg
[77.9%] [w4] SKIP          143 KB  d1ldvf68ux039x.cloudfront.net/thumbs/frames/video/2605/1007804/DOD_111720857.0000001/2000w_q95.jpg
[78.0%] [w6] SKIP           27 KB  d1ldvf68ux039x.cloudfront.net/thumbs/frames/video/2605/1007805/DOD_111720858.0000001/720w_q95.jpg
[78.1%] [w5] SKIP           97 KB  d1ldvf68ux039x.cloudfront.net/thumbs/frames/video/2605/1007805/DOD_111720858.0000001/2000w_q95.jpg
[78.2%] [w2] SKIP           41 KB  d1ldvf68ux039x.cloudfront.net/thumbs/frames/video/2605/1007804/DOD_111720857.0000001/720w_q95.jpg
[78.4%] [w7] SKIP           48 KB  d1ldvf68ux039x.cloudfront.net/thumbs/frames/video/2605/1007807/DOD_111720861.0000001/2000w_q95.jpg
[78.5%] [w8] SKIP          240 KB  d1ldvf68ux039x.cloudfront.net/thumbs/frames/video/2605/1007808/DOD_111720883.0000001/2000w_q95.jpg
[78.6%] [w3] SKIP           14 KB  d1ldvf68ux039x.cloudfront.net/thumbs/frames/video/2605/1007807/DOD_111720861.0000001/720w_q95.jpg
[78.8%] [w1] SKIP           75 KB  d1ldvf68ux039x.cloudfront.net/thumbs/frames/video/2605/1007808/DOD_111720883.0000001/720w_q95.jpg
[78.9%] [w5] SKIP           58 KB  d1ldvf68ux039x.cloudfront.net/thumbs/frames/video/2605/1007810/DOD_111720886.0000001/2000w_q95.jpg
[79.0%] [w6] SKIP           27 KB  d1ldvf68ux039x.cloudfront.net/thumbs/frames/video/2605/1007809/DOD_111720884.0000001/720w_q95.jpg
[79.2%] [w4] SKIP           95 KB  d1ldvf68ux039x.cloudfront.net/thumbs/frames/video/2605/1007809/DOD_111720884.0000001/2000w_q95.jpg
[79.3%] [w7] SKIP           80 KB  d1ldvf68ux039x.cloudfront.net/thumbs/frames/video/2605/1007812/DOD_111720890.0000001/2000w_q95.jpg
[79.4%] [w8] SKIP           23 KB  d1ldvf68ux039x.cloudfront.net/thumbs/frames/video/2605/1007812/DOD_111720890.0000001/720w_q95.jpg
[79.6%] [w3] SKIP           73 KB  d1ldvf68ux039x.cloudfront.net/thumbs/frames/video/2605/1007816/DOD_111720899.0000001/2000w_q95.jpg
[79.7%] [w2] SKIP           15 KB  d1ldvf68ux039x.cloudfront.net/thumbs/frames/video/2605/1007810/DOD_111720886.0000001/720w_q95.jpg
[79.8%] [w2] SKIP          108 KB  d1ldvf68ux039x.cloudfront.net/thumbs/frames/video/2605/1007876/DOD_111721737.0000001/2000w_q95.jpg
[79.9%] [w8] SKIP          104 KB  d1ldvf68ux039x.cloudfront.net/thumbs/frames/video/2605/1007874/DOD_111721711.0000001/2000w_q95.jpg
[80.1%] [w2] SKIP           27 KB  d1ldvf68ux039x.cloudfront.net/thumbs/frames/video/2605/1007876/DOD_111721737.0000001/720w_q95.jpg
[80.2%] [w8] SKIP          106 KB  d1ldvf68ux039x.cloudfront.net/thumbs/frames/video/2605/1007877/DOD_111721747.0000001/2000w_q95.jpg
[80.3%] [w1] SKIP           16 KB  d1ldvf68ux039x.cloudfront.net/thumbs/frames/video/2605/1007816/DOD_111720899.0000001/720w_q95.jpg
[80.5%] [w8] SKIP          115 KB  d1ldvf68ux039x.cloudfront.net/thumbs/frames/video/2605/1007878/DOD_111721755.0000001/2000w_q95.jpg
[80.6%] [w2] SKIP           27 KB  d1ldvf68ux039x.cloudfront.net/thumbs/frames/video/2605/1007877/DOD_111721747.0000001/720w_q95.jpg
[80.7%] [w5] SKIP           60 KB  d1ldvf68ux039x.cloudfront.net/thumbs/frames/video/2605/1007870/DOD_111721693.0000001/2000w_q95.jpg
[80.9%] [w6] SKIP           16 KB  d1ldvf68ux039x.cloudfront.net/thumbs/frames/video/2605/1007870/DOD_111721693.0000001/720w_q95.jpg
[81.0%] [w3] SKIP           26 KB  d1ldvf68ux039x.cloudfront.net/thumbs/frames/video/2605/1007874/DOD_111721711.0000001/720w_q95.jpg
[81.1%] [w7] SKIP           20 KB  d1ldvf68ux039x.cloudfront.net/thumbs/frames/video/2605/1007872/DOD_111721698.0000001/720w_q95.jpg
[81.3%] [w4] SKIP           81 KB  d1ldvf68ux039x.cloudfront.net/thumbs/frames/video/2605/1007872/DOD_111721698.0000001/2000w_q95.jpg
[81.4%] [w8] SKIP           82 KB  d1ldvf68ux039x.cloudfront.net/thumbs/frames/video/2605/1007879/DOD_111721758.0000001/2000w_q95.jpg
[81.5%] [w1] SKIP           28 KB  d1ldvf68ux039x.cloudfront.net/thumbs/frames/video/2605/1007878/DOD_111721755.0000001/720w_q95.jpg
[81.7%] [w5] SKIP            3 KB  api.dvidshub.net/asset/video-1006056.json
[81.8%] [w6] SKIP            3 KB  api.dvidshub.net/asset/video-1006059.json
[81.9%] [w2] SKIP           21 KB  d1ldvf68ux039x.cloudfront.net/thumbs/frames/video/2605/1007879/DOD_111721758.0000001/720w_q95.jpg
[82.0%] [w7] SKIP            3 KB  api.dvidshub.net/asset/video-1006062.json
[82.2%] [w3] SKIP            3 KB  api.dvidshub.net/asset/video-1006060.json
[82.3%] [w4] SKIP            3 KB  api.dvidshub.net/asset/video-1006063.json
[82.4%] [w5] SKIP            3 KB  api.dvidshub.net/asset/video-1006074.json
[82.6%] [w8] SKIP            4 KB  api.dvidshub.net/asset/video-1006067.json
[82.7%] [w6] SKIP            3 KB  api.dvidshub.net/asset/video-1006076.json
[82.8%] [w1] SKIP            4 KB  api.dvidshub.net/asset/video-1006073.json
[83.0%] [w2] SKIP            3 KB  api.dvidshub.net/asset/video-1006078.json
[83.1%] [w3] SKIP            4 KB  api.dvidshub.net/asset/video-1006080.json
[83.2%] [w7] SKIP            3 KB  api.dvidshub.net/asset/video-1006079.json
[83.4%] [w8] SKIP            3 KB  api.dvidshub.net/asset/video-1006087.json
[83.5%] [w5] SKIP            4 KB  api.dvidshub.net/asset/video-1006083.json
[83.6%] [w1] SKIP            3 KB  api.dvidshub.net/asset/video-1006089.json
[83.7%] [w4] SKIP            3 KB  api.dvidshub.net/asset/video-1006082.json
[83.9%] [w2] SKIP            4 KB  api.dvidshub.net/asset/video-1006093.json
[84.0%] [w6] SKIP            3 KB  api.dvidshub.net/asset/video-1006088.json
[84.1%] [w1] SKIP            3 KB  api.dvidshub.net/asset/video-1006106.json
[84.3%] [w8] SKIP            4 KB  api.dvidshub.net/asset/video-1006104.json
[84.4%] [w6] SKIP            4 KB  api.dvidshub.net/asset/video-1006111.json
[84.5%] [w2] SKIP            3 KB  api.dvidshub.net/asset/video-1006110.json
[84.7%] [w4] SKIP            3 KB  api.dvidshub.net/asset/video-1006107.json
[84.8%] [w7] SKIP            4 KB  api.dvidshub.net/asset/video-1006097.json
[84.9%] [w3] SKIP            3 KB  api.dvidshub.net/asset/video-1006094.json
[85.1%] [w5] SKIP            4 KB  api.dvidshub.net/asset/video-1006105.json
[85.2%] [w8] SKIP            3 KB  api.dvidshub.net/asset/video-1006159.json
[85.3%] [w1] SKIP            3 KB  api.dvidshub.net/asset/video-1006119.json
[85.5%] [w6] SKIP            4 KB  api.dvidshub.net/asset/video-1007706.json
[85.6%] [w7] SKIP            4 KB  api.dvidshub.net/asset/video-1007709.json
[85.7%] [w5] SKIP            4 KB  api.dvidshub.net/asset/video-1007712.json
[85.8%] [w4] SKIP            4 KB  api.dvidshub.net/asset/video-1007708.json
[86.0%] [w2] SKIP            5 KB  api.dvidshub.net/asset/video-1007707.json
[86.1%] [w3] SKIP            4 KB  api.dvidshub.net/asset/video-1007711.json
[86.2%] [w8] SKIP            5 KB  api.dvidshub.net/asset/video-1007713.json
[86.4%] [w1] SKIP            4 KB  api.dvidshub.net/asset/video-1007715.json
[86.5%] [w6] SKIP            4 KB  api.dvidshub.net/asset/video-1007716.json
[86.6%] [w5] SKIP            4 KB  api.dvidshub.net/asset/video-1007719.json
[86.8%] [w7] SKIP            4 KB  api.dvidshub.net/asset/video-1007718.json
[86.9%] [w4] SKIP            4 KB  api.dvidshub.net/asset/video-1007720.json
[87.0%] [w2] SKIP            4 KB  api.dvidshub.net/asset/video-1007721.json
[87.2%] [w3] SKIP            4 KB  api.dvidshub.net/asset/video-1007722.json
[87.3%] [w8] SKIP            4 KB  api.dvidshub.net/asset/video-1007723.json
[87.4%] [w1] SKIP            4 KB  api.dvidshub.net/asset/video-1007725.json
[87.5%] [w5] SKIP            4 KB  api.dvidshub.net/asset/video-1007727.json
[87.7%] [w7] SKIP            4 KB  api.dvidshub.net/asset/video-1007728.json
[87.8%] [w6] SKIP            4 KB  api.dvidshub.net/asset/video-1007726.json
[87.9%] [w4] SKIP            4 KB  api.dvidshub.net/asset/video-1007734.json
[88.1%] [w3] SKIP            4 KB  api.dvidshub.net/asset/video-1007737.json
[88.2%] [w2] SKIP            4 KB  api.dvidshub.net/asset/video-1007735.json
[88.3%] [w8] SKIP            4 KB  api.dvidshub.net/asset/video-1007738.json
[88.5%] [w1] SKIP            4 KB  api.dvidshub.net/asset/video-1007739.json
[88.6%] [w5] SKIP            4 KB  api.dvidshub.net/asset/video-1007740.json
[88.7%] [w7] SKIP            4 KB  api.dvidshub.net/asset/video-1007741.json
[88.9%] [w6] SKIP            4 KB  api.dvidshub.net/asset/video-1007777.json
[89.0%] [w3] SKIP            5 KB  api.dvidshub.net/asset/video-1007779.json
[89.1%] [w4] SKIP            4 KB  api.dvidshub.net/asset/video-1007778.json
[89.3%] [w2] SKIP            4 KB  api.dvidshub.net/asset/video-1007780.json
[89.4%] [w1] SKIP            4 KB  api.dvidshub.net/asset/video-1007783.json
[89.5%] [w8] SKIP            3 KB  api.dvidshub.net/asset/video-1007781.json
[89.6%] [w7] SKIP            4 KB  api.dvidshub.net/asset/video-1007788.json
[89.8%] [w6] SKIP            4 KB  api.dvidshub.net/asset/video-1007790.json
[89.9%] [w5] SKIP            4 KB  api.dvidshub.net/asset/video-1007784.json
[90.0%] [w3] SKIP            5 KB  api.dvidshub.net/asset/video-1007791.json
[90.2%] [w1] SKIP            4 KB  api.dvidshub.net/asset/video-1007797.json
[90.3%] [w8] SKIP            4 KB  api.dvidshub.net/asset/video-1007799.json
[90.4%] [w4] SKIP            3 KB  api.dvidshub.net/asset/video-1007795.json
[90.6%] [w7] SKIP            4 KB  api.dvidshub.net/asset/video-1007800.json
[90.7%] [w5] SKIP            4 KB  api.dvidshub.net/asset/video-1007804.json
[90.8%] [w2] SKIP            4 KB  api.dvidshub.net/asset/video-1007796.json
[91.0%] [w6] SKIP            5 KB  api.dvidshub.net/asset/video-1007803.json
[91.1%] [w3] SKIP            4 KB  api.dvidshub.net/asset/video-1007805.json
[91.2%] [w1] SKIP            3 KB  api.dvidshub.net/asset/video-1007807.json
[91.3%] [w8] SKIP            4 KB  api.dvidshub.net/asset/video-1007808.json
[91.5%] [w7] SKIP            4 KB  api.dvidshub.net/asset/video-1007810.json
[91.6%] [w6] SKIP            3 KB  api.dvidshub.net/asset/video-1007870.json
[91.7%] [w5] SKIP            4 KB  api.dvidshub.net/asset/video-1007812.json
[91.9%] [w4] SKIP            4 KB  api.dvidshub.net/asset/video-1007809.json
[92.0%] [w2] SKIP            4 KB  api.dvidshub.net/asset/video-1007816.json
[92.1%] [w1] SKIP            3 KB  api.dvidshub.net/asset/video-1007874.json
[92.3%] [w8] SKIP            3 KB  api.dvidshub.net/asset/video-1007876.json
[92.4%] [w7] SKIP            3 KB  api.dvidshub.net/asset/video-1007877.json
[92.5%] [w6] SKIP            3 KB  api.dvidshub.net/asset/video-1007878.json
[92.7%] [w5] SKIP            3 KB  api.dvidshub.net/asset/video-1007879.json
[92.8%] [w4] SKIP            5 KB  api.dvidshub.net/closed-captions/video-1006119.srt
[92.9%] [w3] SKIP            3 KB  api.dvidshub.net/asset/video-1007872.json
[93.1%] [w2] SKIP            4 KB  api.dvidshub.net/closed-captions/video-1006119.webvtt
[93.2%] [w8] SKIP            0 KB  api.dvidshub.net/closed-captions/video-1007713.webvtt
[93.3%] [w1] SKIP            0 KB  api.dvidshub.net/closed-captions/video-1007713.srt
[93.4%] [w5] SKIP            0 KB  api.dvidshub.net/closed-captions/video-1007727.srt
[93.6%] [w7] SKIP            0 KB  api.dvidshub.net/closed-captions/video-1007718.srt
[93.7%] [w3] SKIP            0 KB  api.dvidshub.net/closed-captions/video-1007741.srt
[93.8%] [w4] SKIP            0 KB  api.dvidshub.net/closed-captions/video-1007727.webvtt
[94.0%] [w6] SKIP            0 KB  api.dvidshub.net/closed-captions/video-1007718.webvtt
[94.1%] [w2] SKIP            0 KB  api.dvidshub.net/closed-captions/video-1007741.webvtt
[94.2%] [w1] SKIP           12 KB  api.dvidshub.net/closed-captions/video-1007870.webvtt
[94.4%] [w5] SKIP            4 KB  api.dvidshub.net/closed-captions/video-1007872.srt
[94.5%] [w8] SKIP           14 KB  api.dvidshub.net/closed-captions/video-1007870.srt
[94.6%] [w7] SKIP            4 KB  api.dvidshub.net/closed-captions/video-1007872.webvtt
[94.8%] [w3] SKIP            2 KB  api.dvidshub.net/closed-captions/video-1007874.srt
[94.9%] [w6] SKIP            6 KB  api.dvidshub.net/closed-captions/video-1007876.srt
[95.0%] [w4] SKIP            1 KB  api.dvidshub.net/closed-captions/video-1007874.webvtt
[95.2%] [w2] SKIP            5 KB  api.dvidshub.net/closed-captions/video-1007876.webvtt
[95.3%] [w5] SKIP            2 KB  api.dvidshub.net/closed-captions/video-1007877.webvtt
[95.4%] [w8] SKIP            1 KB  api.dvidshub.net/closed-captions/video-1007878.srt
[95.5%] [w7] SKIP            0 KB  api.dvidshub.net/closed-captions/video-1007878.webvtt
[95.7%] [w3] SKIP            1 KB  api.dvidshub.net/closed-captions/video-1007879.srt
[95.8%] [w1] SKIP            3 KB  api.dvidshub.net/closed-captions/video-1007877.srt
[95.9%] [w6] SKIP            1 KB  api.dvidshub.net/closed-captions/video-1007879.webvtt
[96.1%] [w4] SKIP         7887 KB  media.defense.gov/2023/Mar/13/2003178168/-1/-1/1/DOD-STRATEGIC-MGMT-PLAN-2023.PDF
[96.2%] [w5] SKIP           39 KB  fonts.gstatic.com/s/crimsonpro/v28/q5uBsoa5M_tv7IihmnkabARekY1wDfKi.woff2
[96.3%] [w8] SKIP           50 KB  fonts.gstatic.com/s/crimsonpro/v28/q5uBsoa5M_tv7IihmnkabARekYNwDQ.woff2
[96.5%] [w7] SKIP           14 KB  fonts.gstatic.com/s/crimsonpro/v28/q5uBsoa5M_tv7IihmnkabARekYxwDfKi.woff2
[96.6%] [w2] SKIP         6909 KB  media.defense.gov/2026/Jan/23/2003864773/-1/-1/0/2026-NATIONAL-DEFENSE-STRATEGY.PDF
[96.7%] [w3] SKIP           47 KB  fonts.gstatic.com/s/crimsonpro/v28/q5uDsoa5M_tv7IihmnkabARboYE.woff2
[96.9%] [w6] SKIP           37 KB  fonts.gstatic.com/s/crimsonpro/v28/q5uDsoa5M_tv7IihmnkabARVoYFoCQ.woff2
[97.0%] [w1] SKIP           13 KB  fonts.gstatic.com/s/crimsonpro/v28/q5uDsoa5M_tv7IihmnkabARUoYFoCQ.woff2
[97.1%] [w4] SKIP            6 KB  fonts.gstatic.com/s/lato/v25/S6u8w4BMUTPHjxsAUi-qJCY.woff2
[97.2%] [w5] SKIP           24 KB  fonts.gstatic.com/s/lato/v25/S6u8w4BMUTPHjxsAXC-q.woff2
[97.4%] [w8] SKIP            6 KB  fonts.gstatic.com/s/lato/v25/S6u9w4BMUTPHh50XSwaPGR_p.woff2
[97.5%] [w7] SKIP           22 KB  fonts.gstatic.com/s/lato/v25/S6u9w4BMUTPHh50XSwiPGQ.woff2
[97.6%] [w2] SKIP            5 KB  fonts.gstatic.com/s/lato/v25/S6u9w4BMUTPHh6UVSwaPGR_p.woff2
[97.8%] [w6] SKIP            6 KB  fonts.gstatic.com/s/lato/v25/S6u9w4BMUTPHh7USSwaPGR_p.woff2
[97.9%] [w3] SKIP           23 KB  fonts.gstatic.com/s/lato/v25/S6u9w4BMUTPHh6UVSwiPGQ.woff2
[98.0%] [w1] SKIP           23 KB  fonts.gstatic.com/s/lato/v25/S6u9w4BMUTPHh7USSwiPGQ.woff2
[98.2%] [w8] SKIP           12 KB  fonts.gstatic.com/s/orbitron/v35/yMJRMIlzdpvBhQQL_Qq7dy0.woff2
[98.3%] [w5] SKIP            5 KB  fonts.gstatic.com/s/lato/v25/S6uyw4BMUTPHjxAwXjeu.woff2
[98.4%] [w7] SKIP           19 KB  fonts.gstatic.com/s/oswald/v57/TK3iWkUHHAIjg752FD8Ghe4.woff2
[98.6%] [w4] SKIP           23 KB  fonts.gstatic.com/s/lato/v25/S6uyw4BMUTPHjx4wXg.woff2
[98.7%] [w6] SKIP           23 KB  fonts.gstatic.com/s/oswald/v57/TK3iWkUHHAIjg752Fz8Ghe4.woff2
[98.8%] [w2] SKIP            7 KB  fonts.gstatic.com/s/oswald/v57/TK3iWkUHHAIjg752Fj8Ghe4.woff2
[99.0%] [w3] SKIP           28 KB  fonts.gstatic.com/s/oswald/v57/TK3iWkUHHAIjg752GT8G.woff2
[99.1%] [w1] SKIP           15 KB  fonts.gstatic.com/s/oswald/v57/TK3iWkUHHAIjg752HT8Ghe4.woff2
[99.2%] [w5] SKIP            6 KB  fonts.googleapis.com/css2-533b765783.css
[99.3%] [w8] SKIP            1 KB  fonts.googleapis.com/css2-51d915668e.css
[99.5%] [w7] SKIP            8 KB  fonts.googleapis.com/css2-c64754f950.css
[99.6%] [w4] SKIP           22 KB  cdn.datatables.net/1.13.8/css/jquery.dataTables.min.css
[99.7%] [w6] SKIP           85 KB  cdn.datatables.net/1.13.8/js/jquery.dataTables.min.js
[99.9%] [w2] SKIP            2 KB  cdn.jsdelivr.net/npm/slick-carousel@1.8.1/slick/slick.css
[100.0%] [w3] SKIP           42 KB  cdn.jsdelivr.net/npm/slick-carousel@1.8.1/slick/slick.min.js

Uploaded: 0 files (0.00 GB)
Skipped:  762 (already present at correct size)
Errors:   1

Public URL pattern (set in .env):
  NEXT_PUBLIC_ASSET_BASE_URL=https://disclosure.us-east-1.linodeobjects.com
